#
# There is insufficient memory for the Java Runtime Environment to continue.
# Native memory allocation (malloc) failed to allocate 509184 bytes. Error detail: Chunk::new
# Possible reasons:
#   The system is out of physical RAM or swap space
#   This process is running with CompressedOops enabled, and the Java Heap may be blocking the growth of the native heap
# Possible solutions:
#   Reduce memory load on the system
#   Increase physical memory or swap space
#   Check if swap backing store is full
#   Decrease Java heap size (-Xmx/-Xms)
#   Decrease number of Java threads
#   Decrease Java thread stack sizes (-Xss)
#   Set larger code cache with -XX:ReservedCodeCacheSize=
#   JVM is running with Unscaled Compressed Oops mode in which the Java heap is
#     placed in the first 4GB address space. The Java Heap base address is the
#     maximum limit for the native heap growth. Please use -XX:HeapBaseMinAddress
#     to set the Java Heap base and to place the Java Heap above 4GB virtual address.
# This output file may be truncated or incomplete.
#
#  Out of Memory Error (arena.cpp:168), pid=18068, tid=6036
#
# JRE version: OpenJDK Runtime Environment Temurin-21.0.8+9 (21.0.8+9) (build 21.0.8+9-LTS)
# Java VM: OpenJDK 64-Bit Server VM Temurin-21.0.8+9 (21.0.8+9-LTS, mixed mode, sharing, tiered, compressed oops, compressed class ptrs, parallel gc, windows-amd64)
# No core dump will be written. Minidumps are not enabled by default on client versions of Windows
#

---------------  S U M M A R Y ------------

Command Line: --add-modules=ALL-SYSTEM --add-opens=java.base/java.util=ALL-UNNAMED --add-opens=java.base/java.lang=ALL-UNNAMED --add-opens=java.base/sun.nio.fs=ALL-UNNAMED -Declipse.application=org.eclipse.jdt.ls.core.id1 -Dosgi.bundles.defaultStartLevel=4 -Declipse.product=org.eclipse.jdt.ls.core.product -Djava.import.generatesMetadataFilesAtProjectRoot=false -DDetectVMInstallationsJob.disabled=true -Dfile.encoding=utf8 -XX:+UseParallelGC -XX:GCTimeRatio=4 -XX:AdaptiveSizePolicyWeight=90 -Dsun.zip.disableMemoryMapping=true -Xmx2G -Xms100m -Xlog:disable -javaagent:c:\Users\LOQ\.vscode\extensions\redhat.java-1.46.0-win32-x64\lombok\lombok-1.18.39-4050.jar -XX:+HeapDumpOnOutOfMemoryError -XX:HeapDumpPath=c:\Users\LOQ\AppData\Roaming\Code\User\workspaceStorage\ec8b92777e6d7a5842dc50192914bdb1\redhat.java -Daether.dependencyCollector.impl=bf c:\Users\LOQ\.vscode\extensions\redhat.java-1.46.0-win32-x64\server\plugins\org.eclipse.equinox.launcher_1.7.0.v20250519-0528.jar -configuration c:\Users\LOQ\AppData\Roaming\Code\User\globalStorage\redhat.java\1.46.0\config_win -data c:\Users\LOQ\AppData\Roaming\Code\User\workspaceStorage\ec8b92777e6d7a5842dc50192914bdb1\redhat.java\jdt_ws --pipe=\\.\pipe\lsp-8f50fa834867d8444116503d2a76508a-sock

Host: AMD Ryzen 5 7235HS                             , 8 cores, 11G,  Windows 11 , 64 bit Build 26100 (10.0.26100.6725)
Time: Tue Oct 28 22:58:06 2025 Sri Lanka Standard Time elapsed time: 6.693027 seconds (0d 0h 0m 6s)

---------------  T H R E A D  ---------------

Current thread (0x000001f04652d860):  JavaThread "C2 CompilerThread0" daemon [_thread_in_native, id=6036, stack(0x0000004e9d200000,0x0000004e9d300000) (1024K)]


Current CompileTask:
C2:6693 4087       4       org.lombokweb.asm.MethodWriter::<init> (232 bytes)

Stack: [0x0000004e9d200000,0x0000004e9d300000]
Native frames: (J=compiled Java code, j=interpreted, Vv=VM code, C=native code)
V  [jvm.dll+0x6d2449]
V  [jvm.dll+0x8ae341]
V  [jvm.dll+0x8b08be]
V  [jvm.dll+0x8b0fa3]
V  [jvm.dll+0x280c96]
V  [jvm.dll+0xc581d]
V  [jvm.dll+0xc5d53]
V  [jvm.dll+0x3b919c]
V  [jvm.dll+0x385315]
V  [jvm.dll+0x38477a]
V  [jvm.dll+0x248ed0]
V  [jvm.dll+0x2484af]
V  [jvm.dll+0x1c89ee]
V  [jvm.dll+0x257d4d]
V  [jvm.dll+0x2562ea]
V  [jvm.dll+0x3f2d16]
V  [jvm.dll+0x857e6b]
V  [jvm.dll+0x6d0b0d]
C  [ucrtbase.dll+0x37b0]
C  [KERNEL32.DLL+0x2e8d7]
C  [ntdll.dll+0x8c53c]


---------------  P R O C E S S  ---------------

Threads class SMR info:
_java_thread_list=0x000001f06444fa10, length=23, elements={
0x000001f04659cfc0, 0x000001f04650c070, 0x000001f046511400, 0x000001f046513f50,
0x000001f046514ba0, 0x000001f046519270, 0x000001f046529840, 0x000001f04652d860,
0x000001f046543ea0, 0x000001f05e8cc680, 0x000001f05eaffeb0, 0x000001f063616dc0,
0x000001f0635fff20, 0x000001f06384c320, 0x000001f0638427c0, 0x000001f063e5c020,
0x000001f0640f8380, 0x000001f063b75440, 0x000001f063dd9820, 0x000001f064080950,
0x000001f0640802c0, 0x000001f06412d020, 0x000001f064080fe0
}

Java Threads: ( => current thread )
  0x000001f04659cfc0 JavaThread "main"                              [_thread_blocked, id=11120, stack(0x0000004e9c800000,0x0000004e9c900000) (1024K)]
  0x000001f04650c070 JavaThread "Reference Handler"          daemon [_thread_blocked, id=22192, stack(0x0000004e9cc00000,0x0000004e9cd00000) (1024K)]
  0x000001f046511400 JavaThread "Finalizer"                  daemon [_thread_blocked, id=2604, stack(0x0000004e9cd00000,0x0000004e9ce00000) (1024K)]
  0x000001f046513f50 JavaThread "Signal Dispatcher"          daemon [_thread_blocked, id=12800, stack(0x0000004e9ce00000,0x0000004e9cf00000) (1024K)]
  0x000001f046514ba0 JavaThread "Attach Listener"            daemon [_thread_blocked, id=29472, stack(0x0000004e9cf00000,0x0000004e9d000000) (1024K)]
  0x000001f046519270 JavaThread "Service Thread"             daemon [_thread_blocked, id=13476, stack(0x0000004e9d000000,0x0000004e9d100000) (1024K)]
  0x000001f046529840 JavaThread "Monitor Deflation Thread"   daemon [_thread_blocked, id=4176, stack(0x0000004e9d100000,0x0000004e9d200000) (1024K)]
=>0x000001f04652d860 JavaThread "C2 CompilerThread0"         daemon [_thread_in_native, id=6036, stack(0x0000004e9d200000,0x0000004e9d300000) (1024K)]
  0x000001f046543ea0 JavaThread "C1 CompilerThread0"         daemon [_thread_blocked, id=23636, stack(0x0000004e9d300000,0x0000004e9d400000) (1024K)]
  0x000001f05e8cc680 JavaThread "Common-Cleaner"             daemon [_thread_blocked, id=23516, stack(0x0000004e9d400000,0x0000004e9d500000) (1024K)]
  0x000001f05eaffeb0 JavaThread "Notification Thread"        daemon [_thread_blocked, id=33140, stack(0x0000004e9d500000,0x0000004e9d600000) (1024K)]
  0x000001f063616dc0 JavaThread "Active Thread: Equinox Container: 7a463118-ea9e-496c-9e05-96f09b90374a"        [_thread_blocked, id=21928, stack(0x0000004e9de00000,0x0000004e9df00000) (1024K)]
  0x000001f0635fff20 JavaThread "Refresh Thread: Equinox Container: 7a463118-ea9e-496c-9e05-96f09b90374a" daemon [_thread_blocked, id=20532, stack(0x0000004e9d600000,0x0000004e9d700000) (1024K)]
  0x000001f06384c320 JavaThread "Framework Event Dispatcher: Equinox Container: 7a463118-ea9e-496c-9e05-96f09b90374a" daemon [_thread_blocked, id=26816, stack(0x0000004e9df00000,0x0000004e9e000000) (1024K)]
  0x000001f0638427c0 JavaThread "Start Level: Equinox Container: 7a463118-ea9e-496c-9e05-96f09b90374a" daemon [_thread_in_vm, id=11504, stack(0x0000004e9e000000,0x0000004e9e100000) (1024K)]
  0x000001f063e5c020 JavaThread "Bundle File Closer"         daemon [_thread_blocked, id=23124, stack(0x0000004e9e300000,0x0000004e9e400000) (1024K)]
  0x000001f0640f8380 JavaThread "SCR Component Actor"        daemon [_thread_blocked, id=3768, stack(0x0000004e9e200000,0x0000004e9e300000) (1024K)]
  0x000001f063b75440 JavaThread "Worker-JM"                         [_thread_blocked, id=21104, stack(0x0000004e9e500000,0x0000004e9e600000) (1024K)]
  0x000001f063dd9820 JavaThread "JNA Cleaner"                daemon [_thread_blocked, id=23180, stack(0x0000004e9e100000,0x0000004e9e200000) (1024K)]
  0x000001f064080950 JavaThread "Worker-0"                          [_thread_blocked, id=28892, stack(0x0000004e9e400000,0x0000004e9e500000) (1024K)]
  0x000001f0640802c0 JavaThread "Worker-1"                          [_thread_blocked, id=27680, stack(0x0000004e9e600000,0x0000004e9e700000) (1024K)]
  0x000001f06412d020 JavaThread "C2 CompilerThread1"         daemon [_thread_in_native, id=13460, stack(0x0000004e9e700000,0x0000004e9e800000) (1024K)]
  0x000001f064080fe0 JavaThread "Worker-2"                          [_thread_blocked, id=27748, stack(0x0000004e9e800000,0x0000004e9e900000) (1024K)]
Total: 23

Other Threads:
  0x000001f0464f1d40 VMThread "VM Thread"                           [id=17444, stack(0x0000004e9cb00000,0x0000004e9cc00000) (1024K)]
  0x000001f04642ca00 WatcherThread "VM Periodic Task Thread"        [id=5180, stack(0x0000004e9ca00000,0x0000004e9cb00000) (1024K)]
  0x000001f0465bb880 WorkerThread "GC Thread#0"                     [id=21072, stack(0x0000004e9c900000,0x0000004e9ca00000) (1024K)]
  0x000001f06312c870 WorkerThread "GC Thread#1"                     [id=13788, stack(0x0000004e9d700000,0x0000004e9d800000) (1024K)]
  0x000001f06334f230 WorkerThread "GC Thread#2"                     [id=18028, stack(0x0000004e9d800000,0x0000004e9d900000) (1024K)]
  0x000001f06334f5d0 WorkerThread "GC Thread#3"                     [id=10700, stack(0x0000004e9d900000,0x0000004e9da00000) (1024K)]
  0x000001f06334f970 WorkerThread "GC Thread#4"                     [id=26924, stack(0x0000004e9da00000,0x0000004e9db00000) (1024K)]
  0x000001f06334fd10 WorkerThread "GC Thread#5"                     [id=11548, stack(0x0000004e9db00000,0x0000004e9dc00000) (1024K)]
  0x000001f0631d2ee0 WorkerThread "GC Thread#6"                     [id=15076, stack(0x0000004e9dc00000,0x0000004e9dd00000) (1024K)]
  0x000001f063600580 WorkerThread "GC Thread#7"                     [id=4020, stack(0x0000004e9dd00000,0x0000004e9de00000) (1024K)]
Total: 10

Threads with active compile tasks:
C2 CompilerThread0  6727 4087       4       org.lombokweb.asm.MethodWriter::<init> (232 bytes)
C2 CompilerThread1  6727 4074       4       org.lombokweb.asm.ClassReader::readMethod (1070 bytes)
Total: 2

VM state: not at safepoint (normal execution)

VM Mutex/Monitor currently owned by a thread:  ([mutex/lock_event])
[0x00007ffebbf23458] Metaspace_lock - owner thread: 0x000001f0638427c0

Heap address: 0x0000000080000000, size: 2048 MB, Compressed Oops mode: 32-bit

CDS archive(s) mapped at: [0x000001f000000000-0x000001f000ba0000-0x000001f000ba0000), size 12189696, SharedBaseAddress: 0x000001f000000000, ArchiveRelocationMode: 1.
Compressed class space mapped at: 0x000001f001000000-0x000001f041000000, reserved size: 1073741824
Narrow klass base: 0x000001f000000000, Narrow klass shift: 0, Narrow klass range: 0x100000000

GC Precious Log:
 CardTable entry size: 512
 CPUs: 8 total, 8 available
 Memory: 11972M
 Large Page Support: Disabled
 NUMA Support: Disabled
 Compressed Oops: Enabled (32-bit)
 Alignments: Space 512K, Generation 512K, Heap 2M
 Heap Min Capacity: 100M
 Heap Initial Capacity: 100M
 Heap Max Capacity: 2G
 Pre-touch: Disabled
 Parallel Workers: 8

Heap:
 PSYoungGen      total 25600K, used 24311K [0x00000000d5580000, 0x00000000d7500000, 0x0000000100000000)
  eden space 24064K, 96% used [0x00000000d5580000,0x00000000d6c2bd40,0x00000000d6d00000)
  from space 1536K, 71% used [0x00000000d7380000,0x00000000d7492268,0x00000000d7500000)
  to   space 2560K, 0% used [0x00000000d7000000,0x00000000d7000000,0x00000000d7280000)
 ParOldGen       total 68608K, used 12808K [0x0000000080000000, 0x0000000084300000, 0x00000000d5580000)
  object space 68608K, 18% used [0x0000000080000000,0x0000000080c82158,0x0000000084300000)
 Metaspace       used 26143K, committed 27072K, reserved 1114112K
  class space    used 2630K, committed 3008K, reserved 1048576K

Card table byte_map: [0x000001f045f40000,0x000001f046350000] _byte_map_base: 0x000001f045b40000

Marking Bits: (ParMarkBitMap*) 0x00007ffebbf2a340
 Begin Bits: [0x000001f058a40000, 0x000001f05aa40000)
 End Bits:   [0x000001f05aa40000, 0x000001f05ca40000)

Polling page: 0x000001f044540000

Metaspace:

Usage:
  Non-class:     22.96 MB used.
      Class:      2.57 MB used.
       Both:     25.53 MB used.

Virtual space:
  Non-class space:       64.00 MB reserved,      23.50 MB ( 37%) committed,  1 nodes.
      Class space:        1.00 GB reserved,       2.94 MB ( <1%) committed,  1 nodes.
             Both:        1.06 GB reserved,      26.44 MB (  2%) committed. 

Chunk freelists:
   Non-Class:  8.43 MB
       Class:  13.06 MB
        Both:  21.50 MB

MaxMetaspaceSize: unlimited
CompressedClassSpaceSize: 1.00 GB
Initial GC threshold: 21.00 MB
Current GC threshold: 35.00 MB
CDS: on
 - commit_granule_bytes: 65536.
 - commit_granule_words: 8192.
 - virtual_space_node_default_size: 8388608.
 - enlarge_chunks_in_place: 1.
 - use_allocation_guard: 0.


Internal statistics:

num_allocs_failed_limit: 3.
num_arena_births: 820.
num_arena_deaths: 14.
num_vsnodes_births: 2.
num_vsnodes_deaths: 0.
num_space_committed: 423.
num_space_uncommitted: 0.
num_chunks_returned_to_freelist: 17.
num_chunks_taken_from_freelist: 1885.
num_chunk_merges: 9.
num_chunk_splits: 1215.
num_chunks_enlarged: 747.
num_inconsistent_stats: 0.

CodeHeap 'non-profiled nmethods': size=120000Kb used=1851Kb max_used=1851Kb free=118148Kb
 bounds [0x000001f051260000, 0x000001f0514d0000, 0x000001f058790000]
CodeHeap 'profiled nmethods': size=120000Kb used=8308Kb max_used=8308Kb free=111692Kb
 bounds [0x000001f049790000, 0x000001f049fb0000, 0x000001f050cc0000]
CodeHeap 'non-nmethods': size=5760Kb used=1331Kb max_used=1345Kb free=4428Kb
 bounds [0x000001f050cc0000, 0x000001f050f30000, 0x000001f051260000]
CodeCache: size=245760Kb, used=11490Kb, max_used=11504Kb, free=234268Kb
 total_blobs=4705, nmethods=4085, adapters=526, full_count=0
Compilation: enabled, stopped_count=0, restarted_count=0

Compilation events (20 events):
Event: 6.644 Thread 0x000001f046543ea0 4078   !   3       java.lang.String::replace (258 bytes)
Event: 6.646 Thread 0x000001f046543ea0 nmethod 4078 0x000001f049fa1010 code [0x000001f049fa14e0, 0x000001f049fa3740]
Event: 6.646 Thread 0x000001f046543ea0 4079       3       org.lombokweb.asm.MethodWriter::visitFrame (811 bytes)
Event: 6.648 Thread 0x000001f046543ea0 nmethod 4079 0x000001f049fa4690 code [0x000001f049fa4be0, 0x000001f049fa6e50]
Event: 6.648 Thread 0x000001f046543ea0 4082       3       java.net.URLConnection::<init> (62 bytes)
Event: 6.648 Thread 0x000001f046543ea0 nmethod 4082 0x000001f049fa7d90 code [0x000001f049fa7f80, 0x000001f049fa8498]
Event: 6.648 Thread 0x000001f046543ea0 4084       3       org.lombokweb.asm.ByteVector::putByteArray (49 bytes)
Event: 6.649 Thread 0x000001f046543ea0 nmethod 4084 0x000001f049fa8610 code [0x000001f049fa87e0, 0x000001f049fa8aa8]
Event: 6.649 Thread 0x000001f046543ea0 4083       3       java.net.URLConnection::getDefaultUseCaches (27 bytes)
Event: 6.649 Thread 0x000001f046543ea0 nmethod 4083 0x000001f049fa8c10 code [0x000001f049fa8de0, 0x000001f049fa9140]
Event: 6.649 Thread 0x000001f046543ea0 4080       3       org.lombokweb.asm.Label::put (83 bytes)
Event: 6.649 Thread 0x000001f046543ea0 nmethod 4080 0x000001f049fa9290 code [0x000001f049fa94c0, 0x000001f049fa98f0]
Event: 6.649 Thread 0x000001f046543ea0 4081       3       org.lombokweb.asm.MethodWriter::visitJumpInsn (495 bytes)
Event: 6.650 Thread 0x000001f046543ea0 nmethod 4081 0x000001f049fa9a90 code [0x000001f049fa9de0, 0x000001f049faade8]
Event: 6.651 Thread 0x000001f04652d860 nmethod 4076 0x000001f05142d410 code [0x000001f05142d5c0, 0x000001f05142d928]
Event: 6.651 Thread 0x000001f04652d860 4077       4       org.lombokweb.asm.Type::getArgumentsAndReturnSizes (140 bytes)
Event: 6.660 Thread 0x000001f04652d860 nmethod 4077 0x000001f05142dc10 code [0x000001f05142de60, 0x000001f05142e700]
Event: 6.660 Thread 0x000001f04652d860 4087       4       org.lombokweb.asm.MethodWriter::<init> (232 bytes)
Event: 6.690 Thread 0x000001f046543ea0 4088       3       java.net.URI::toURL (6 bytes)
Event: 6.690 Thread 0x000001f046543ea0 nmethod 4088 0x000001f049fab410 code [0x000001f049fab5c0, 0x000001f049fab708]

GC Heap History (18 events):
Event: 1.735 GC heap before
{Heap before GC invocations=1 (full 0):
 PSYoungGen      total 29696K, used 25600K [0x00000000d5580000, 0x00000000d7680000, 0x0000000100000000)
  eden space 25600K, 100% used [0x00000000d5580000,0x00000000d6e80000,0x00000000d6e80000)
  from space 4096K, 0% used [0x00000000d7280000,0x00000000d7280000,0x00000000d7680000)
  to   space 4096K, 0% used [0x00000000d6e80000,0x00000000d6e80000,0x00000000d7280000)
 ParOldGen       total 68608K, used 0K [0x0000000080000000, 0x0000000084300000, 0x00000000d5580000)
  object space 68608K, 0% used [0x0000000080000000,0x0000000080000000,0x0000000084300000)
 Metaspace       used 4343K, committed 4608K, reserved 1114112K
  class space    used 472K, committed 576K, reserved 1048576K
}
Event: 1.744 GC heap after
{Heap after GC invocations=1 (full 0):
 PSYoungGen      total 29696K, used 3344K [0x00000000d5580000, 0x00000000d7680000, 0x0000000100000000)
  eden space 25600K, 0% used [0x00000000d5580000,0x00000000d5580000,0x00000000d6e80000)
  from space 4096K, 81% used [0x00000000d6e80000,0x00000000d71c40c8,0x00000000d7280000)
  to   space 4096K, 0% used [0x00000000d7280000,0x00000000d7280000,0x00000000d7680000)
 ParOldGen       total 68608K, used 16K [0x0000000080000000, 0x0000000084300000, 0x00000000d5580000)
  object space 68608K, 0% used [0x0000000080000000,0x0000000080004000,0x0000000084300000)
 Metaspace       used 4343K, committed 4608K, reserved 1114112K
  class space    used 472K, committed 576K, reserved 1048576K
}
Event: 2.844 GC heap before
{Heap before GC invocations=2 (full 0):
 PSYoungGen      total 29696K, used 28944K [0x00000000d5580000, 0x00000000d7680000, 0x0000000100000000)
  eden space 25600K, 100% used [0x00000000d5580000,0x00000000d6e80000,0x00000000d6e80000)
  from space 4096K, 81% used [0x00000000d6e80000,0x00000000d71c40c8,0x00000000d7280000)
  to   space 4096K, 0% used [0x00000000d7280000,0x00000000d7280000,0x00000000d7680000)
 ParOldGen       total 68608K, used 16K [0x0000000080000000, 0x0000000084300000, 0x00000000d5580000)
  object space 68608K, 0% used [0x0000000080000000,0x0000000080004000,0x0000000084300000)
 Metaspace       used 8002K, committed 8256K, reserved 1114112K
  class space    used 836K, committed 960K, reserved 1048576K
}
Event: 2.850 GC heap after
{Heap after GC invocations=2 (full 0):
 PSYoungGen      total 29696K, used 4087K [0x00000000d5580000, 0x00000000d7680000, 0x0000000100000000)
  eden space 25600K, 0% used [0x00000000d5580000,0x00000000d5580000,0x00000000d6e80000)
  from space 4096K, 99% used [0x00000000d7280000,0x00000000d767de08,0x00000000d7680000)
  to   space 4096K, 0% used [0x00000000d6e80000,0x00000000d6e80000,0x00000000d7280000)
 ParOldGen       total 68608K, used 1724K [0x0000000080000000, 0x0000000084300000, 0x00000000d5580000)
  object space 68608K, 2% used [0x0000000080000000,0x00000000801af0a0,0x0000000084300000)
 Metaspace       used 8002K, committed 8256K, reserved 1114112K
  class space    used 836K, committed 960K, reserved 1048576K
}
Event: 3.482 GC heap before
{Heap before GC invocations=3 (full 0):
 PSYoungGen      total 29696K, used 29594K [0x00000000d5580000, 0x00000000d7680000, 0x0000000100000000)
  eden space 25600K, 99% used [0x00000000d5580000,0x00000000d6e68db0,0x00000000d6e80000)
  from space 4096K, 99% used [0x00000000d7280000,0x00000000d767de08,0x00000000d7680000)
  to   space 4096K, 0% used [0x00000000d6e80000,0x00000000d6e80000,0x00000000d7280000)
 ParOldGen       total 68608K, used 1724K [0x0000000080000000, 0x0000000084300000, 0x00000000d5580000)
  object space 68608K, 2% used [0x0000000080000000,0x00000000801af0a0,0x0000000084300000)
 Metaspace       used 9408K, committed 9728K, reserved 1114112K
  class space    used 1001K, committed 1152K, reserved 1048576K
}
Event: 3.487 GC heap after
{Heap after GC invocations=3 (full 0):
 PSYoungGen      total 29696K, used 4073K [0x00000000d5580000, 0x00000000d7680000, 0x0000000100000000)
  eden space 25600K, 0% used [0x00000000d5580000,0x00000000d5580000,0x00000000d6e80000)
  from space 4096K, 99% used [0x00000000d6e80000,0x00000000d727a4a0,0x00000000d7280000)
  to   space 4096K, 0% used [0x00000000d7280000,0x00000000d7280000,0x00000000d7680000)
 ParOldGen       total 68608K, used 4810K [0x0000000080000000, 0x0000000084300000, 0x00000000d5580000)
  object space 68608K, 7% used [0x0000000080000000,0x00000000804b29a0,0x0000000084300000)
 Metaspace       used 9408K, committed 9728K, reserved 1114112K
  class space    used 1001K, committed 1152K, reserved 1048576K
}
Event: 4.432 GC heap before
{Heap before GC invocations=4 (full 0):
 PSYoungGen      total 29696K, used 29673K [0x00000000d5580000, 0x00000000d7680000, 0x0000000100000000)
  eden space 25600K, 100% used [0x00000000d5580000,0x00000000d6e80000,0x00000000d6e80000)
  from space 4096K, 99% used [0x00000000d6e80000,0x00000000d727a4a0,0x00000000d7280000)
  to   space 4096K, 0% used [0x00000000d7280000,0x00000000d7280000,0x00000000d7680000)
 ParOldGen       total 68608K, used 4810K [0x0000000080000000, 0x0000000084300000, 0x00000000d5580000)
  object space 68608K, 7% used [0x0000000080000000,0x00000000804b29a0,0x0000000084300000)
 Metaspace       used 12130K, committed 12480K, reserved 1114112K
  class space    used 1290K, committed 1472K, reserved 1048576K
}
Event: 4.437 GC heap after
{Heap after GC invocations=4 (full 0):
 PSYoungGen      total 29696K, used 4084K [0x00000000d5580000, 0x00000000d7680000, 0x0000000100000000)
  eden space 25600K, 0% used [0x00000000d5580000,0x00000000d5580000,0x00000000d6e80000)
  from space 4096K, 99% used [0x00000000d7280000,0x00000000d767d180,0x00000000d7680000)
  to   space 4096K, 0% used [0x00000000d6e80000,0x00000000d6e80000,0x00000000d7280000)
 ParOldGen       total 68608K, used 6169K [0x0000000080000000, 0x0000000084300000, 0x00000000d5580000)
  object space 68608K, 8% used [0x0000000080000000,0x0000000080606500,0x0000000084300000)
 Metaspace       used 12130K, committed 12480K, reserved 1114112K
  class space    used 1290K, committed 1472K, reserved 1048576K
}
Event: 5.105 GC heap before
{Heap before GC invocations=5 (full 0):
 PSYoungGen      total 29696K, used 29684K [0x00000000d5580000, 0x00000000d7680000, 0x0000000100000000)
  eden space 25600K, 100% used [0x00000000d5580000,0x00000000d6e80000,0x00000000d6e80000)
  from space 4096K, 99% used [0x00000000d7280000,0x00000000d767d180,0x00000000d7680000)
  to   space 4096K, 0% used [0x00000000d6e80000,0x00000000d6e80000,0x00000000d7280000)
 ParOldGen       total 68608K, used 6169K [0x0000000080000000, 0x0000000084300000, 0x00000000d5580000)
  object space 68608K, 8% used [0x0000000080000000,0x0000000080606500,0x0000000084300000)
 Metaspace       used 16092K, committed 16768K, reserved 1114112K
  class space    used 1668K, committed 1984K, reserved 1048576K
}
Event: 5.109 GC heap after
{Heap after GC invocations=5 (full 0):
 PSYoungGen      total 29184K, used 4088K [0x00000000d5580000, 0x00000000d7a00000, 0x0000000100000000)
  eden space 25088K, 0% used [0x00000000d5580000,0x00000000d5580000,0x00000000d6e00000)
  from space 4096K, 99% used [0x00000000d6e80000,0x00000000d727e310,0x00000000d7280000)
  to   space 6144K, 0% used [0x00000000d7400000,0x00000000d7400000,0x00000000d7a00000)
 ParOldGen       total 68608K, used 7734K [0x0000000080000000, 0x0000000084300000, 0x00000000d5580000)
  object space 68608K, 11% used [0x0000000080000000,0x000000008078d8a8,0x0000000084300000)
 Metaspace       used 16092K, committed 16768K, reserved 1114112K
  class space    used 1668K, committed 1984K, reserved 1048576K
}
Event: 5.758 GC heap before
{Heap before GC invocations=6 (full 0):
 PSYoungGen      total 29184K, used 29176K [0x00000000d5580000, 0x00000000d7a00000, 0x0000000100000000)
  eden space 25088K, 100% used [0x00000000d5580000,0x00000000d6e00000,0x00000000d6e00000)
  from space 4096K, 99% used [0x00000000d6e80000,0x00000000d727e310,0x00000000d7280000)
  to   space 6144K, 0% used [0x00000000d7400000,0x00000000d7400000,0x00000000d7a00000)
 ParOldGen       total 68608K, used 7734K [0x0000000080000000, 0x0000000084300000, 0x00000000d5580000)
  object space 68608K, 11% used [0x0000000080000000,0x000000008078d8a8,0x0000000084300000)
 Metaspace       used 18916K, committed 19712K, reserved 1114112K
  class space    used 1995K, committed 2304K, reserved 1048576K
}
Event: 5.763 GC heap after
{Heap after GC invocations=6 (full 0):
 PSYoungGen      total 29696K, used 4654K [0x00000000d5580000, 0x00000000d7900000, 0x0000000100000000)
  eden space 24576K, 0% used [0x00000000d5580000,0x00000000d5580000,0x00000000d6d80000)
  from space 5120K, 90% used [0x00000000d7400000,0x00000000d788bbe8,0x00000000d7900000)
  to   space 5120K, 0% used [0x00000000d6f00000,0x00000000d6f00000,0x00000000d7400000)
 ParOldGen       total 68608K, used 7742K [0x0000000080000000, 0x0000000084300000, 0x00000000d5580000)
  object space 68608K, 11% used [0x0000000080000000,0x000000008078f8a8,0x0000000084300000)
 Metaspace       used 18916K, committed 19712K, reserved 1114112K
  class space    used 1995K, committed 2304K, reserved 1048576K
}
Event: 6.061 GC heap before
{Heap before GC invocations=7 (full 0):
 PSYoungGen      total 29696K, used 20419K [0x00000000d5580000, 0x00000000d7900000, 0x0000000100000000)
  eden space 24576K, 64% used [0x00000000d5580000,0x00000000d64e50f8,0x00000000d6d80000)
  from space 5120K, 90% used [0x00000000d7400000,0x00000000d788bbe8,0x00000000d7900000)
  to   space 5120K, 0% used [0x00000000d6f00000,0x00000000d6f00000,0x00000000d7400000)
 ParOldGen       total 68608K, used 7742K [0x0000000080000000, 0x0000000084300000, 0x00000000d5580000)
  object space 68608K, 11% used [0x0000000080000000,0x000000008078f8a8,0x0000000084300000)
 Metaspace       used 20550K, committed 21504K, reserved 1114112K
  class space    used 2199K, committed 2624K, reserved 1048576K
}
Event: 6.067 GC heap after
{Heap after GC invocations=7 (full 0):
 PSYoungGen      total 29184K, used 4164K [0x00000000d5580000, 0x00000000d7680000, 0x0000000100000000)
  eden space 24576K, 0% used [0x00000000d5580000,0x00000000d5580000,0x00000000d6d80000)
  from space 4608K, 90% used [0x00000000d6f00000,0x00000000d73111c8,0x00000000d7380000)
  to   space 3072K, 0% used [0x00000000d7380000,0x00000000d7380000,0x00000000d7680000)
 ParOldGen       total 68608K, used 9160K [0x0000000080000000, 0x0000000084300000, 0x00000000d5580000)
  object space 68608K, 13% used [0x0000000080000000,0x00000000808f20c0,0x0000000084300000)
 Metaspace       used 20550K, committed 21504K, reserved 1114112K
  class space    used 2199K, committed 2624K, reserved 1048576K
}
Event: 6.067 GC heap before
{Heap before GC invocations=8 (full 1):
 PSYoungGen      total 29184K, used 4164K [0x00000000d5580000, 0x00000000d7680000, 0x0000000100000000)
  eden space 24576K, 0% used [0x00000000d5580000,0x00000000d5580000,0x00000000d6d80000)
  from space 4608K, 90% used [0x00000000d6f00000,0x00000000d73111c8,0x00000000d7380000)
  to   space 3072K, 0% used [0x00000000d7380000,0x00000000d7380000,0x00000000d7680000)
 ParOldGen       total 68608K, used 9160K [0x0000000080000000, 0x0000000084300000, 0x00000000d5580000)
  object space 68608K, 13% used [0x0000000080000000,0x00000000808f20c0,0x0000000084300000)
 Metaspace       used 20550K, committed 21504K, reserved 1114112K
  class space    used 2199K, committed 2624K, reserved 1048576K
}
Event: 6.100 GC heap after
{Heap after GC invocations=8 (full 1):
 PSYoungGen      total 29184K, used 0K [0x00000000d5580000, 0x00000000d7680000, 0x0000000100000000)
  eden space 24576K, 0% used [0x00000000d5580000,0x00000000d5580000,0x00000000d6d80000)
  from space 4608K, 0% used [0x00000000d6f00000,0x00000000d6f00000,0x00000000d7380000)
  to   space 3072K, 0% used [0x00000000d7380000,0x00000000d7380000,0x00000000d7680000)
 ParOldGen       total 68608K, used 12800K [0x0000000080000000, 0x0000000084300000, 0x00000000d5580000)
  object space 68608K, 18% used [0x0000000080000000,0x0000000080c80158,0x0000000084300000)
 Metaspace       used 20537K, committed 21504K, reserved 1114112K
  class space    used 2195K, committed 2624K, reserved 1048576K
}
Event: 6.445 GC heap before
{Heap before GC invocations=9 (full 1):
 PSYoungGen      total 29184K, used 24576K [0x00000000d5580000, 0x00000000d7680000, 0x0000000100000000)
  eden space 24576K, 100% used [0x00000000d5580000,0x00000000d6d80000,0x00000000d6d80000)
  from space 4608K, 0% used [0x00000000d6f00000,0x00000000d6f00000,0x00000000d7380000)
  to   space 3072K, 0% used [0x00000000d7380000,0x00000000d7380000,0x00000000d7680000)
 ParOldGen       total 68608K, used 12800K [0x0000000080000000, 0x0000000084300000, 0x00000000d5580000)
  object space 68608K, 18% used [0x0000000080000000,0x0000000080c80158,0x0000000084300000)
 Metaspace       used 22687K, committed 23680K, reserved 1114112K
  class space    used 2379K, committed 2816K, reserved 1048576K
}
Event: 6.446 GC heap after
{Heap after GC invocations=9 (full 1):
 PSYoungGen      total 25600K, used 1096K [0x00000000d5580000, 0x00000000d7500000, 0x0000000100000000)
  eden space 24064K, 0% used [0x00000000d5580000,0x00000000d5580000,0x00000000d6d00000)
  from space 1536K, 71% used [0x00000000d7380000,0x00000000d7492268,0x00000000d7500000)
  to   space 2560K, 0% used [0x00000000d7000000,0x00000000d7000000,0x00000000d7280000)
 ParOldGen       total 68608K, used 12808K [0x0000000080000000, 0x0000000084300000, 0x00000000d5580000)
  object space 68608K, 18% used [0x0000000080000000,0x0000000080c82158,0x0000000084300000)
 Metaspace       used 22687K, committed 23680K, reserved 1114112K
  class space    used 2379K, committed 2816K, reserved 1048576K
}

Dll operation events (10 events):
Event: 0.016 Loaded shared library c:\Users\LOQ\.vscode\extensions\redhat.java-1.46.0-win32-x64\jre\21.0.8-win32-x86_64\bin\java.dll
Event: 0.129 Loaded shared library c:\Users\LOQ\.vscode\extensions\redhat.java-1.46.0-win32-x64\jre\21.0.8-win32-x86_64\bin\zip.dll
Event: 0.170 Loaded shared library C:\Users\LOQ\.vscode\extensions\redhat.java-1.46.0-win32-x64\jre\21.0.8-win32-x86_64\bin\instrument.dll
Event: 0.178 Loaded shared library C:\Users\LOQ\.vscode\extensions\redhat.java-1.46.0-win32-x64\jre\21.0.8-win32-x86_64\bin\net.dll
Event: 0.183 Loaded shared library C:\Users\LOQ\.vscode\extensions\redhat.java-1.46.0-win32-x64\jre\21.0.8-win32-x86_64\bin\nio.dll
Event: 0.190 Loaded shared library C:\Users\LOQ\.vscode\extensions\redhat.java-1.46.0-win32-x64\jre\21.0.8-win32-x86_64\bin\zip.dll
Event: 0.216 Loaded shared library C:\Users\LOQ\.vscode\extensions\redhat.java-1.46.0-win32-x64\jre\21.0.8-win32-x86_64\bin\jimage.dll
Event: 0.405 Loaded shared library c:\Users\LOQ\.vscode\extensions\redhat.java-1.46.0-win32-x64\jre\21.0.8-win32-x86_64\bin\verify.dll
Event: 2.861 Loaded shared library C:\Users\LOQ\AppData\Roaming\Code\User\globalStorage\redhat.java\1.46.0\config_win\org.eclipse.equinox.launcher\org.eclipse.equinox.launcher.win32.win32.x86_64_1.2.1400.v20250801-0854\eclipse_11916.dll
Event: 5.228 Loaded shared library C:\Users\LOQ\AppData\Local\Temp\jna-75566\jna7428015332726007233.dll

Deoptimization events (20 events):
Event: 6.241 Thread 0x000001f064080950 DEOPT PACKING pc=0x000001f05141587c sp=0x0000004e9e4ff4b0
Event: 6.241 Thread 0x000001f064080950 DEOPT UNPACKING pc=0x000001f050d13aa2 sp=0x0000004e9e4ff450 mode 2
Event: 6.348 Thread 0x000001f0638427c0 Uncommon trap: trap_request=0xffffff45 fr.pc=0x000001f051421e1c relative=0x000000000000079c
Event: 6.348 Thread 0x000001f0638427c0 Uncommon trap: reason=unstable_if action=reinterpret pc=0x000001f051421e1c method=org.lombokweb.asm.ClassReader.readUTF8(I[C)Ljava/lang/String; @ 11 c2
Event: 6.348 Thread 0x000001f0638427c0 DEOPT PACKING pc=0x000001f051421e1c sp=0x0000004e9e0ef0a0
Event: 6.348 Thread 0x000001f0638427c0 DEOPT UNPACKING pc=0x000001f050d13aa2 sp=0x0000004e9e0ef088 mode 2
Event: 6.432 Thread 0x000001f0638427c0 DEOPT PACKING pc=0x000001f049d5b1be sp=0x0000004e9e0f8d40
Event: 6.432 Thread 0x000001f0638427c0 DEOPT UNPACKING pc=0x000001f050d14242 sp=0x0000004e9e0f8280 mode 0
Event: 6.433 Thread 0x000001f0638427c0 DEOPT PACKING pc=0x000001f049d5b1be sp=0x0000004e9e0f8d40
Event: 6.433 Thread 0x000001f0638427c0 DEOPT UNPACKING pc=0x000001f050d14242 sp=0x0000004e9e0f8280 mode 0
Event: 6.435 Thread 0x000001f0638427c0 DEOPT PACKING pc=0x000001f049d5b1be sp=0x0000004e9e0f8d40
Event: 6.435 Thread 0x000001f0638427c0 DEOPT UNPACKING pc=0x000001f050d14242 sp=0x0000004e9e0f8280 mode 0
Event: 6.619 Thread 0x000001f0638427c0 Uncommon trap: trap_request=0xffffff45 fr.pc=0x000001f05142cf6c relative=0x000000000000014c
Event: 6.619 Thread 0x000001f0638427c0 Uncommon trap: reason=unstable_if action=reinterpret pc=0x000001f05142cf6c method=org.lombokweb.asm.ByteVector.putByteArray([BII)Lorg/lombokweb/asm/ByteVector; @ 20 c2
Event: 6.619 Thread 0x000001f0638427c0 DEOPT PACKING pc=0x000001f05142cf6c sp=0x0000004e9e0f2270
Event: 6.619 Thread 0x000001f0638427c0 DEOPT UNPACKING pc=0x000001f050d13aa2 sp=0x0000004e9e0f2240 mode 2
Event: 6.619 Thread 0x000001f0638427c0 Uncommon trap: trap_request=0xffffff45 fr.pc=0x000001f05142c4a4 relative=0x0000000000000364
Event: 6.619 Thread 0x000001f0638427c0 Uncommon trap: reason=unstable_if action=reinterpret pc=0x000001f05142c4a4 method=org.lombokweb.asm.Label.resolve([BLorg/lombokweb/asm/ByteVector;I)Z @ 81 c2
Event: 6.619 Thread 0x000001f0638427c0 DEOPT PACKING pc=0x000001f05142c4a4 sp=0x0000004e9e0f2300
Event: 6.619 Thread 0x000001f0638427c0 DEOPT UNPACKING pc=0x000001f050d13aa2 sp=0x0000004e9e0f2208 mode 2

Classes loaded (20 events):
Event: 6.304 Loading class java/util/zip/GZIPOutputStream
Event: 6.304 Loading class java/util/zip/GZIPOutputStream done
Event: 6.305 Loading class java/util/zip/GZIPInputStream
Event: 6.305 Loading class java/util/zip/GZIPInputStream done
Event: 6.308 Loading class java/net/SocketTimeoutException
Event: 6.308 Loading class java/io/InterruptedIOException
Event: 6.308 Loading class java/io/InterruptedIOException done
Event: 6.308 Loading class java/net/SocketTimeoutException done
Event: 6.309 Loading class java/net/SocketException
Event: 6.309 Loading class java/net/SocketException done
Event: 6.309 Loading class java/net/UnknownHostException
Event: 6.309 Loading class java/net/UnknownHostException done
Event: 6.309 Loading class java/net/ProtocolException
Event: 6.309 Loading class java/net/ProtocolException done
Event: 6.335 Loading class java/lang/ThreadLocal$SuppliedThreadLocal
Event: 6.335 Loading class java/lang/ThreadLocal$SuppliedThreadLocal done
Event: 6.423 Loading class java/io/FileWriter
Event: 6.424 Loading class java/io/FileWriter done
Event: 6.425 Loading class java/lang/NegativeArraySizeException
Event: 6.425 Loading class java/lang/NegativeArraySizeException done

Classes unloaded (7 events):
Event: 6.071 Thread 0x000001f0464f1d40 Unloading class 0x000001f0011b0c00 'java/lang/invoke/LambdaForm$MH+0x000001f0011b0c00'
Event: 6.071 Thread 0x000001f0464f1d40 Unloading class 0x000001f0011b0800 'java/lang/invoke/LambdaForm$MH+0x000001f0011b0800'
Event: 6.071 Thread 0x000001f0464f1d40 Unloading class 0x000001f0011b0400 'java/lang/invoke/LambdaForm$MH+0x000001f0011b0400'
Event: 6.071 Thread 0x000001f0464f1d40 Unloading class 0x000001f0011b0000 'java/lang/invoke/LambdaForm$MH+0x000001f0011b0000'
Event: 6.071 Thread 0x000001f0464f1d40 Unloading class 0x000001f0011afc00 'java/lang/invoke/LambdaForm$BMH+0x000001f0011afc00'
Event: 6.071 Thread 0x000001f0464f1d40 Unloading class 0x000001f0011af800 'java/lang/invoke/LambdaForm$DMH+0x000001f0011af800'
Event: 6.071 Thread 0x000001f0464f1d40 Unloading class 0x000001f0011ae400 'java/lang/invoke/LambdaForm$DMH+0x000001f0011ae400'

Classes redefined (0 events):
No events

Internal exceptions (20 events):
Event: 5.972 Thread 0x000001f0638427c0 Exception <a 'java/lang/NoSuchMethodError'{0x00000000d6250dc8}: 'java.lang.Object java.lang.invoke.DirectMethodHandle$Holder.invokeStaticInit(java.lang.Object, java.lang.Object, java.lang.Object, java.lang.Object, java.lang.Object, java.lang.Object, java.lang.Object)'> (0x00000000d6250dc8) 
thrown [s\src\hotspot\share\interpreter\linkResolver.cpp, line 773]
Event: 5.973 Thread 0x000001f0638427c0 Exception <a 'java/lang/NoSuchMethodError'{0x00000000d6256568}: 'java.lang.Object java.lang.invoke.Invokers$Holder.invoke_MT(java.lang.Object, java.lang.Object, java.lang.Object, java.lang.Object, java.lang.Object, java.lang.Object, java.lang.Object, java.lang.Object, java.lang.Object)'> (0x00000000d6256568) 
thrown [s\src\hotspot\share\interpreter\linkResolver.cpp, line 773]
Event: 5.977 Thread 0x000001f0638427c0 Exception <a 'java/lang/NoSuchMethodError'{0x00000000d628b6c0}: 'int java.lang.invoke.DirectMethodHandle$Holder.invokeVirtual(java.lang.Object, java.lang.Object, java.lang.Object)'> (0x00000000d628b6c0) 
thrown [s\src\hotspot\share\interpreter\linkResolver.cpp, line 773]
Event: 5.978 Thread 0x000001f0638427c0 Exception <a 'java/lang/NoSuchMethodError'{0x00000000d6290658}: 'int java.lang.invoke.DirectMethodHandle$Holder.invokeStaticInit(java.lang.Object, int, int)'> (0x00000000d6290658) 
thrown [s\src\hotspot\share\interpreter\linkResolver.cpp, line 773]
Event: 5.979 Thread 0x000001f0638427c0 Exception <a 'java/lang/NoSuchMethodError'{0x00000000d62989e0}: 'int java.lang.invoke.DirectMethodHandle$Holder.invokeStaticInit(java.lang.Object, long, long)'> (0x00000000d62989e0) 
thrown [s\src\hotspot\share\interpreter\linkResolver.cpp, line 773]
Event: 5.979 Thread 0x000001f0638427c0 Exception <a 'java/lang/NoSuchMethodError'{0x00000000d62a0398}: 'int java.lang.invoke.DirectMethodHandle$Holder.invokeStaticInit(java.lang.Object, float, float)'> (0x00000000d62a0398) 
thrown [s\src\hotspot\share\interpreter\linkResolver.cpp, line 773]
Event: 5.980 Thread 0x000001f0638427c0 Exception <a 'java/lang/NoSuchMethodError'{0x00000000d62a7d48}: 'int java.lang.invoke.DirectMethodHandle$Holder.invokeStaticInit(java.lang.Object, double, double)'> (0x00000000d62a7d48) 
thrown [s\src\hotspot\share\interpreter\linkResolver.cpp, line 773]
Event: 5.980 Thread 0x000001f0638427c0 Exception <a 'java/lang/NoSuchMethodError'{0x00000000d62ad160}: 'int java.lang.invoke.DirectMethodHandle$Holder.invokeStatic(java.lang.Object, long)'> (0x00000000d62ad160) 
thrown [s\src\hotspot\share\interpreter\linkResolver.cpp, line 773]
Event: 5.984 Thread 0x000001f0638427c0 Exception <a 'java/lang/NoSuchMethodError'{0x00000000d62cbec8}: 'int java.lang.invoke.Invokers$Holder.linkToTargetMethod(java.lang.Object, java.lang.Object)'> (0x00000000d62cbec8) 
thrown [s\src\hotspot\share\interpreter\linkResolver.cpp, line 773]
Event: 6.026 Thread 0x000001f0638427c0 Exception <a 'java/lang/NoSuchMethodError'{0x00000000d63aefc8}: 'java.lang.Object java.lang.invoke.Invokers$Holder.invoke_MT(java.lang.Object, java.lang.Object, java.lang.Object, java.lang.Object, java.lang.Object, java.lang.Object, java.lang.Object, java.lang.Object, java.lang.Object, java.lang.Object, java.lang.Object)'> (0x00000000d63aefc8) 
thrown [s\src\hotspot\share\interpreter\linkResolver.cpp, line 773]
Event: 6.050 Thread 0x000001f0638427c0 Exception <a 'java/lang/NoSuchMethodError'{0x00000000d643d650}: 'java.lang.Object java.lang.invoke.Invokers$Holder.invoke_MT(java.lang.Object, java.lang.Object, java.lang.Object, java.lang.Object, java.lang.Object, java.lang.Object, java.lang.Object, java.lang.Object, java.lang.Object, java.lang.Object)'> (0x00000000d643d650) 
thrown [s\src\hotspot\share\interpreter\linkResolver.cpp, line 773]
Event: 6.109 Thread 0x000001f0638427c0 Exception <a 'java/lang/NoSuchMethodError'{0x00000000d55b1cc0}: 'java.lang.Object java.lang.invoke.DirectMethodHandle$Holder.newInvokeSpecial(java.lang.Object, java.lang.Object, java.lang.Object, java.lang.Object, java.lang.Object, java.lang.Object, java.lang.Object)'> (0x00000000d55b1cc0) 
thrown [s\src\hotspot\share\interpreter\linkResolver.cpp, line 773]
Event: 6.126 Thread 0x000001f0638427c0 Exception <a 'java/lang/NoSuchMethodError'{0x00000000d562e9f8}: 'java.lang.Object java.lang.invoke.Invokers$Holder.invoker(java.lang.Object, java.lang.Object, java.lang.Object, java.lang.Object, java.lang.Object, java.lang.Object, java.lang.Object, java.lang.Object, java.lang.Object, java.lang.Object, java.lang.Object, java.lang.Object, java.lang.Object)'> (0x00000000d562e9f8) 
thrown [s\src\hotspot\share\interpreter\linkResolver.cpp, line 773]
Event: 6.127 Thread 0x000001f0638427c0 Exception <a 'java/lang/NoSuchMethodError'{0x00000000d5638e90}: 'java.lang.Object java.lang.invoke.DelegatingMethodHandle$Holder.delegate(java.lang.Object, java.lang.Object, java.lang.Object, java.lang.Object, java.lang.Object, java.lang.Object, java.lang.Object, java.lang.Object, java.lang.Object, java.lang.Object, java.lang.Object, java.lang.Object, java.lang.Object)'> (0x00000000d5638e90) 
thrown [s\src\hotspot\share\interpreter\linkResolver.cpp, line 773]
Event: 6.139 Thread 0x000001f0638427c0 Exception <a 'java/lang/NoSuchMethodError'{0x00000000d56b1870}: static Lorg/eclipse/m2e/core/internal/lifecyclemapping/model/PluginExecutionMetadata;.<clinit>()V> (0x00000000d56b1870) 
thrown [s\src\hotspot\share\prims\jni.cpp, line 1111]
Event: 6.156 Thread 0x000001f0638427c0 Exception <a 'java/lang/NoSuchMethodError'{0x00000000d570ed28}: static Lorg/eclipse/m2e/core/internal/lifecyclemapping/model/PluginExecutionFilter;.<clinit>()V> (0x00000000d570ed28) 
thrown [s\src\hotspot\share\prims\jni.cpp, line 1111]
Event: 6.162 Thread 0x000001f0638427c0 Exception <a 'java/lang/NoSuchMethodError'{0x00000000d57449a0}: static Lorg/eclipse/m2e/core/internal/project/registry/MavenProjectFacade$MavenProjectConfiguration;.<clinit>()V> (0x00000000d57449a0) 
thrown [s\src\hotspot\share\prims\jni.cpp, line 1111]
Event: 6.256 Thread 0x000001f0638427c0 Exception <a 'java/lang/NoSuchMethodError'{0x00000000d5bca448}: 'double java.lang.invoke.DirectMethodHandle$Holder.invokeStatic(java.lang.Object, java.lang.Object)'> (0x00000000d5bca448) 
thrown [s\src\hotspot\share\interpreter\linkResolver.cpp, line 773]
Event: 6.256 Thread 0x000001f0638427c0 Exception <a 'java/lang/NoSuchMethodError'{0x00000000d5bcdb08}: 'double java.lang.invoke.DirectMethodHandle$Holder.invokeStaticInit(java.lang.Object, java.lang.Object)'> (0x00000000d5bcdb08) 
thrown [s\src\hotspot\share\interpreter\linkResolver.cpp, line 773]
Event: 6.619 Thread 0x000001f0638427c0 Implicit null exception at 0x000001f05142ce75 to 0x000001f05142cf50

ZGC Phase Switch (0 events):
No events

VM Operations (20 events):
Event: 5.161 Executing VM operation: HandshakeAllThreads (Deoptimize)
Event: 5.161 Executing VM operation: HandshakeAllThreads (Deoptimize) done
Event: 5.238 Executing VM operation: HandshakeAllThreads (Deoptimize)
Event: 5.238 Executing VM operation: HandshakeAllThreads (Deoptimize) done
Event: 5.457 Executing VM operation: HandshakeAllThreads (Deoptimize)
Event: 5.457 Executing VM operation: HandshakeAllThreads (Deoptimize) done
Event: 5.516 Executing VM operation: HandshakeAllThreads (Deoptimize)
Event: 5.516 Executing VM operation: HandshakeAllThreads (Deoptimize) done
Event: 5.526 Executing VM operation: HandshakeAllThreads (Deoptimize)
Event: 5.526 Executing VM operation: HandshakeAllThreads (Deoptimize) done
Event: 5.614 Executing VM operation: ICBufferFull
Event: 5.615 Executing VM operation: ICBufferFull done
Event: 5.757 Executing VM operation: ParallelGCFailedAllocation (Allocation Failure)
Event: 5.763 Executing VM operation: ParallelGCFailedAllocation (Allocation Failure) done
Event: 5.951 Executing VM operation: HandshakeAllThreads (Deoptimize)
Event: 5.951 Executing VM operation: HandshakeAllThreads (Deoptimize) done
Event: 6.061 Executing VM operation: CollectForMetadataAllocation (Metadata GC Threshold)
Event: 6.100 Executing VM operation: CollectForMetadataAllocation (Metadata GC Threshold) done
Event: 6.445 Executing VM operation: ParallelGCFailedAllocation (Allocation Failure)
Event: 6.446 Executing VM operation: ParallelGCFailedAllocation (Allocation Failure) done

Memory protections (0 events):
No events

Nmethod flushes (0 events):
No events

Events (20 events):
Event: 2.807 Thread 0x000001f0636f4690 Thread exited: 0x000001f0636f4690
Event: 2.843 Thread 0x000001f04659cfc0 Thread added: 0x000001f0635fff20
Event: 2.930 Thread 0x000001f0635fff20 Thread added: 0x000001f06384c320
Event: 2.934 Thread 0x000001f04659cfc0 Thread added: 0x000001f0638427c0
Event: 3.167 Thread 0x000001f046543ea0 Thread added: 0x000001f0635c6eb0
Event: 3.174 Thread 0x000001f0635c6eb0 Thread added: 0x000001f0635c7580
Event: 3.577 Thread 0x000001f0638427c0 Thread added: 0x000001f063e5c020
Event: 3.632 Thread 0x000001f0635c7580 Thread exited: 0x000001f0635c7580
Event: 3.645 Thread 0x000001f0635c6eb0 Thread exited: 0x000001f0635c6eb0
Event: 4.121 Thread 0x000001f046543ea0 Thread added: 0x000001f0635c5a40
Event: 4.276 Thread 0x000001f0638427c0 Thread added: 0x000001f0640f8380
Event: 4.384 Thread 0x000001f04652d860 Thread added: 0x000001f0635c7c50
Event: 4.699 Thread 0x000001f0638427c0 Thread added: 0x000001f063b75440
Event: 5.066 Thread 0x000001f0635c7c50 Thread exited: 0x000001f0635c7c50
Event: 5.127 Thread 0x000001f0635c5a40 Thread exited: 0x000001f0635c5a40
Event: 5.263 Thread 0x000001f0638427c0 Thread added: 0x000001f063dd9820
Event: 5.318 Thread 0x000001f0638427c0 Thread added: 0x000001f064080950
Event: 5.346 Thread 0x000001f0638427c0 Thread added: 0x000001f0640802c0
Event: 5.476 Thread 0x000001f046543ea0 Thread added: 0x000001f06412d020
Event: 6.331 Thread 0x000001f0640802c0 Thread added: 0x000001f064080fe0


Dynamic libraries:
0x00007ff682670000 - 0x00007ff68267e000 	c:\Users\LOQ\.vscode\extensions\redhat.java-1.46.0-win32-x64\jre\21.0.8-win32-x86_64\bin\java.exe
0x00007fff59740000 - 0x00007fff599a8000 	C:\WINDOWS\SYSTEM32\ntdll.dll
0x00007fff58970000 - 0x00007fff58a39000 	C:\WINDOWS\System32\KERNEL32.DLL
0x00007fff57110000 - 0x00007fff57502000 	C:\WINDOWS\System32\KERNELBASE.dll
0x00007fff568d0000 - 0x00007fff56a1b000 	C:\WINDOWS\System32\ucrtbase.dll
0x00007fff4fac0000 - 0x00007fff4fade000 	c:\Users\LOQ\.vscode\extensions\redhat.java-1.46.0-win32-x64\jre\21.0.8-win32-x86_64\bin\VCRUNTIME140.dll
0x00007fff3d8d0000 - 0x00007fff3d8e8000 	c:\Users\LOQ\.vscode\extensions\redhat.java-1.46.0-win32-x64\jre\21.0.8-win32-x86_64\bin\jli.dll
0x00007fff587a0000 - 0x00007fff58965000 	C:\WINDOWS\System32\USER32.dll
0x00007fff56d50000 - 0x00007fff56d77000 	C:\WINDOWS\System32\win32u.dll
0x00007fff58ab0000 - 0x00007fff58adb000 	C:\WINDOWS\System32\GDI32.dll
0x00007fff56ab0000 - 0x00007fff56bdd000 	C:\WINDOWS\System32\gdi32full.dll
0x00007fff56ca0000 - 0x00007fff56d43000 	C:\WINDOWS\System32\msvcp_win.dll
0x00007fff38dc0000 - 0x00007fff39053000 	C:\WINDOWS\WinSxS\amd64_microsoft.windows.common-controls_6595b64144ccf1df_6.0.26100.6899_none_3e0efeeae32e88c1\COMCTL32.dll
0x00007fff584b0000 - 0x00007fff58559000 	C:\WINDOWS\System32\msvcrt.dll
0x00007fff58ae0000 - 0x00007fff58b0f000 	C:\WINDOWS\System32\IMM32.DLL
0x00007fff4e800000 - 0x00007fff4e80c000 	c:\Users\LOQ\.vscode\extensions\redhat.java-1.46.0-win32-x64\jre\21.0.8-win32-x86_64\bin\vcruntime140_1.dll
0x00007fff2c330000 - 0x00007fff2c3bd000 	c:\Users\LOQ\.vscode\extensions\redhat.java-1.46.0-win32-x64\jre\21.0.8-win32-x86_64\bin\msvcp140.dll
0x00007ffebb270000 - 0x00007ffebc007000 	c:\Users\LOQ\.vscode\extensions\redhat.java-1.46.0-win32-x64\jre\21.0.8-win32-x86_64\bin\server\jvm.dll
0x00007fff57700000 - 0x00007fff577b4000 	C:\WINDOWS\System32\ADVAPI32.dll
0x00007fff58c40000 - 0x00007fff58ce6000 	C:\WINDOWS\System32\sechost.dll
0x00007fff58b20000 - 0x00007fff58c38000 	C:\WINDOWS\System32\RPCRT4.dll
0x00007fff59220000 - 0x00007fff59294000 	C:\WINDOWS\System32\WS2_32.dll
0x00007fff56590000 - 0x00007fff565ee000 	C:\WINDOWS\SYSTEM32\POWRPROF.dll
0x00007fff49ec0000 - 0x00007fff49ef5000 	C:\WINDOWS\SYSTEM32\WINMM.dll
0x00007fff4f820000 - 0x00007fff4f82b000 	C:\WINDOWS\SYSTEM32\VERSION.dll
0x00007fff56570000 - 0x00007fff56584000 	C:\WINDOWS\SYSTEM32\UMPDC.dll
0x00007fff556a0000 - 0x00007fff556bb000 	C:\WINDOWS\SYSTEM32\kernel.appcore.dll
0x00007fff4e670000 - 0x00007fff4e67a000 	c:\Users\LOQ\.vscode\extensions\redhat.java-1.46.0-win32-x64\jre\21.0.8-win32-x86_64\bin\jimage.dll
0x00007fff53490000 - 0x00007fff536d2000 	C:\WINDOWS\SYSTEM32\DBGHELP.DLL
0x00007fff58ea0000 - 0x00007fff5921b000 	C:\WINDOWS\System32\combase.dll
0x00007fff57c50000 - 0x00007fff57d27000 	C:\WINDOWS\System32\OLEAUT32.dll
0x00007fff377c0000 - 0x00007fff377fc000 	C:\WINDOWS\SYSTEM32\dbgcore.DLL
0x00007fff56d80000 - 0x00007fff56e18000 	C:\WINDOWS\System32\bcryptPrimitives.dll
0x00007fff37570000 - 0x00007fff3757f000 	c:\Users\LOQ\.vscode\extensions\redhat.java-1.46.0-win32-x64\jre\21.0.8-win32-x86_64\bin\instrument.dll
0x00007fff355e0000 - 0x00007fff355ff000 	c:\Users\LOQ\.vscode\extensions\redhat.java-1.46.0-win32-x64\jre\21.0.8-win32-x86_64\bin\java.dll
0x00007fff57d30000 - 0x00007fff5847d000 	C:\WINDOWS\System32\SHELL32.dll
0x00007fff56e20000 - 0x00007fff56f8b000 	C:\WINDOWS\System32\wintypes.dll
0x00007fff544f0000 - 0x00007fff54d4d000 	C:\WINDOWS\SYSTEM32\windows.storage.dll
0x00007fff592a0000 - 0x00007fff59392000 	C:\WINDOWS\System32\SHCORE.dll
0x00007fff58a40000 - 0x00007fff58aa2000 	C:\WINDOWS\System32\shlwapi.dll
0x00007fff567f0000 - 0x00007fff56819000 	C:\WINDOWS\SYSTEM32\profapi.dll
0x00007fff348f0000 - 0x00007fff34908000 	c:\Users\LOQ\.vscode\extensions\redhat.java-1.46.0-win32-x64\jre\21.0.8-win32-x86_64\bin\zip.dll
0x00007fff37560000 - 0x00007fff37570000 	C:\Users\LOQ\.vscode\extensions\redhat.java-1.46.0-win32-x64\jre\21.0.8-win32-x86_64\bin\net.dll
0x00007fff4f570000 - 0x00007fff4f68f000 	C:\WINDOWS\SYSTEM32\WINHTTP.dll
0x00007fff55c10000 - 0x00007fff55c7b000 	C:\WINDOWS\system32\mswsock.dll
0x00007fff329e0000 - 0x00007fff329f6000 	C:\Users\LOQ\.vscode\extensions\redhat.java-1.46.0-win32-x64\jre\21.0.8-win32-x86_64\bin\nio.dll
0x00007fff37390000 - 0x00007fff373a0000 	c:\Users\LOQ\.vscode\extensions\redhat.java-1.46.0-win32-x64\jre\21.0.8-win32-x86_64\bin\verify.dll
0x00007fff1efb0000 - 0x00007fff1eff4000 	C:\Users\LOQ\AppData\Roaming\Code\User\globalStorage\redhat.java\1.46.0\config_win\org.eclipse.equinox.launcher\org.eclipse.equinox.launcher.win32.win32.x86_64_1.2.1400.v20250801-0854\eclipse_11916.dll
0x00007fff58560000 - 0x00007fff586f8000 	C:\WINDOWS\System32\ole32.dll
0x00007fff55ec0000 - 0x00007fff55edb000 	C:\WINDOWS\SYSTEM32\CRYPTSP.dll
0x00007fff555e0000 - 0x00007fff5561b000 	C:\WINDOWS\system32\rsaenh.dll
0x00007fff55cb0000 - 0x00007fff55cdb000 	C:\WINDOWS\SYSTEM32\USERENV.dll
0x00007fff567c0000 - 0x00007fff567e6000 	C:\WINDOWS\SYSTEM32\bcrypt.dll
0x00007fff55ee0000 - 0x00007fff55eec000 	C:\WINDOWS\SYSTEM32\CRYPTBASE.dll
0x00007fff55120000 - 0x00007fff55154000 	C:\WINDOWS\SYSTEM32\IPHLPAPI.DLL
0x00007fff59610000 - 0x00007fff5961a000 	C:\WINDOWS\System32\NSI.dll
0x00007fff0ee20000 - 0x00007fff0ee69000 	C:\Users\LOQ\AppData\Local\Temp\jna-75566\jna7428015332726007233.dll
0x00007fff58780000 - 0x00007fff58788000 	C:\WINDOWS\System32\PSAPI.DLL

JVMTI agents:
c:\Users\LOQ\.vscode\extensions\redhat.java-1.46.0-win32-x64\lombok\lombok-1.18.39-4050.jar path:c:\Users\LOQ\.vscode\extensions\redhat.java-1.46.0-win32-x64\jre\21.0.8-win32-x86_64\bin\instrument.dll, loaded, initialized, instrumentlib options:none

dbghelp: loaded successfully - version: 4.0.5 - missing functions: none
symbol engine: initialized successfully - sym options: 0x614 - pdb path: .;c:\Users\LOQ\.vscode\extensions\redhat.java-1.46.0-win32-x64\jre\21.0.8-win32-x86_64\bin;C:\WINDOWS\SYSTEM32;C:\WINDOWS\WinSxS\amd64_microsoft.windows.common-controls_6595b64144ccf1df_6.0.26100.6899_none_3e0efeeae32e88c1;c:\Users\LOQ\.vscode\extensions\redhat.java-1.46.0-win32-x64\jre\21.0.8-win32-x86_64\bin\server;C:\Users\LOQ\AppData\Roaming\Code\User\globalStorage\redhat.java\1.46.0\config_win\org.eclipse.equinox.launcher\org.eclipse.equinox.launcher.win32.win32.x86_64_1.2.1400.v20250801-0854;C:\Users\LOQ\AppData\Local\Temp\jna-75566

VM Arguments:
jvm_args: --add-modules=ALL-SYSTEM --add-opens=java.base/java.util=ALL-UNNAMED --add-opens=java.base/java.lang=ALL-UNNAMED --add-opens=java.base/sun.nio.fs=ALL-UNNAMED -Declipse.application=org.eclipse.jdt.ls.core.id1 -Dosgi.bundles.defaultStartLevel=4 -Declipse.product=org.eclipse.jdt.ls.core.product -Djava.import.generatesMetadataFilesAtProjectRoot=false -DDetectVMInstallationsJob.disabled=true -Dfile.encoding=utf8 -XX:+UseParallelGC -XX:GCTimeRatio=4 -XX:AdaptiveSizePolicyWeight=90 -Dsun.zip.disableMemoryMapping=true -Xmx2G -Xms100m -Xlog:disable -javaagent:c:\Users\LOQ\.vscode\extensions\redhat.java-1.46.0-win32-x64\lombok\lombok-1.18.39-4050.jar -XX:+HeapDumpOnOutOfMemoryError -XX:HeapDumpPath=c:\Users\LOQ\AppData\Roaming\Code\User\workspaceStorage\ec8b92777e6d7a5842dc50192914bdb1\redhat.java -Daether.dependencyCollector.impl=bf 
java_command: c:\Users\LOQ\.vscode\extensions\redhat.java-1.46.0-win32-x64\server\plugins\org.eclipse.equinox.launcher_1.7.0.v20250519-0528.jar -configuration c:\Users\LOQ\AppData\Roaming\Code\User\globalStorage\redhat.java\1.46.0\config_win -data c:\Users\LOQ\AppData\Roaming\Code\User\workspaceStorage\ec8b92777e6d7a5842dc50192914bdb1\redhat.java\jdt_ws --pipe=\\.\pipe\lsp-8f50fa834867d8444116503d2a76508a-sock
java_class_path (initial): c:\Users\LOQ\.vscode\extensions\redhat.java-1.46.0-win32-x64\server\plugins\org.eclipse.equinox.launcher_1.7.0.v20250519-0528.jar
Launcher Type: SUN_STANDARD

[Global flags]
    uintx AdaptiveSizePolicyWeight                 = 90                                        {product} {command line}
     intx CICompilerCount                          = 4                                         {product} {ergonomic}
    uintx GCTimeRatio                              = 4                                         {product} {command line}
     bool HeapDumpOnOutOfMemoryError               = true                                   {manageable} {command line}
    ccstr HeapDumpPath                             = c:\Users\LOQ\AppData\Roaming\Code\User\workspaceStorage\ec8b92777e6d7a5842dc50192914bdb1\redhat.java         {manageable} {command line}
   size_t InitialHeapSize                          = 104857600                                 {product} {command line}
   size_t MaxHeapSize                              = 2147483648                                {product} {command line}
   size_t MaxNewSize                               = 715653120                                 {product} {ergonomic}
   size_t MinHeapDeltaBytes                        = 524288                                    {product} {ergonomic}
   size_t MinHeapSize                              = 104857600                                 {product} {command line}
   size_t NewSize                                  = 34603008                                  {product} {ergonomic}
    uintx NonNMethodCodeHeapSize                   = 5839372                                {pd product} {ergonomic}
    uintx NonProfiledCodeHeapSize                  = 122909434                              {pd product} {ergonomic}
   size_t OldSize                                  = 70254592                                  {product} {ergonomic}
    uintx ProfiledCodeHeapSize                     = 122909434                              {pd product} {ergonomic}
    uintx ReservedCodeCacheSize                    = 251658240                              {pd product} {ergonomic}
     bool SegmentedCodeCache                       = true                                      {product} {ergonomic}
   size_t SoftMaxHeapSize                          = 2147483648                             {manageable} {ergonomic}
     bool UseCompressedOops                        = true                           {product lp64_product} {ergonomic}
     bool UseLargePagesIndividualAllocation        = false                                  {pd product} {ergonomic}
     bool UseParallelGC                            = true                                      {product} {command line}

Logging:
Log output configuration:
 #0: stdout all=off uptime,level,tags foldmultilines=false
 #1: stderr all=off uptime,level,tags foldmultilines=false

Environment Variables:
PATH=C:\Users\LOQ\AppData\Local\Programs\Python\Python313\Scripts\;C:\Users\LOQ\AppData\Local\Programs\Python\Python313\;C:\Program Files (x86)\Common Files\Intel\Shared Libraries\redist\intel64\compiler;C:\Program Files\Common Files\Oracle\Java\javapath;C:\WINDOWS\system32;C:\WINDOWS;C:\WINDOWS\System32\Wbem;C:\WINDOWS\System32\WindowsPowerShell\v1.0\;C:\WINDOWS\System32\OpenSSH\;C:\Program Files (x86)\NVIDIA Corporation\PhysX\Common;C:\Program Files\NVIDIA Corporation\NVIDIA NvDLISR;C:\Users\LOQ\Downloads\apache-maven-3.9.9-bin\apache-maven-3.9.9\bin;C:\Program Files\Git\cmd;C:\Program Files\nodejs\;C:\ProgramData\chocolatey\bin;C:\Program Files\Maven\apache-maven-3.9.11-bin\bin;C:\flutter\bin;C:\Program Files (x86)\Microsoft SQL Server\160\DTS\Binn\;C:\Program Files (x86)\Microsoft SQL Server\160\Tools\Binn\;C:\Program Files\Microsoft SQL Server\160\Tools\Binn\;C:\Program Files\Microsoft SQL Server\Client SDK\ODBC\170\Tools\Binn\;C:\Program Files\Microsoft SQL Server\160\DTS\Binn\;C:\Program Files\Docker\Docker\resources\bin;C:\Users\LOQ\AppData\Local\Microsoft\WindowsApps;C:\Users\LOQ\AppData\Local\Programs\Microsoft VS Code\bin;C:\Users\LOQ\AppData\Local\GitHubDesktop\bin;D:\src\flutter_windows_3.29.2-stable\flutter\bin;C:\Users\LOQ\AppData\Roaming\npm;C:\flutter\bin;
USERNAME=LOQ
OS=Windows_NT
PROCESSOR_IDENTIFIER=AMD64 Family 25 Model 68 Stepping 1, AuthenticAMD
TMP=C:\Users\LOQ\AppData\Local\Temp
TEMP=C:\Users\LOQ\AppData\Local\Temp




Periodic native trim disabled

---------------  S Y S T E M  ---------------

OS:
 Windows 11 , 64 bit Build 26100 (10.0.26100.6725)
OS uptime: 3 days 5:29 hours
Hyper-V role detected

CPU: total 8 (initial active 8) (8 cores per cpu, 2 threads per core) family 25 model 68 stepping 1 microcode 0xa404105, cx8, cmov, fxsr, ht, mmx, 3dnowpref, sse, sse2, sse3, ssse3, sse4a, sse4.1, sse4.2, popcnt, lzcnt, tsc, tscinvbit, avx, avx2, aes, erms, clmul, bmi1, bmi2, adx, sha, fma, vzeroupper, clflush, clflushopt, hv, rdtscp, rdpid, fsrm, f16c, cet_ss
Processor Information for the first 8 processors :
  Max Mhz: 3201, Current Mhz: 3201, Mhz Limit: 3201

Memory: 4k page, system-wide physical 11972M (881M free)
TotalPageFile size 23814M (AvailPageFile size 168M)
current process WorkingSet (physical memory assigned to process): 156M, peak: 156M
current process commit charge ("private bytes"): 286M, peak: 286M

vm_info: OpenJDK 64-Bit Server VM (21.0.8+9-LTS) for windows-amd64 JRE (21.0.8+9-LTS), built on 2025-07-15T00:00:00Z by "admin" with MS VC++ 17.7 (VS2022)

END.
