#
# There is insufficient memory for the Java Runtime Environment to continue.
# Native memory allocation (malloc) failed to allocate 1048576 bytes. Error detail: AllocateHeap
# Possible reasons:
#   The system is out of physical RAM or swap space
#   This process is running with CompressedOops enabled, and the Java Heap may be blocking the growth of the native heap
# Possible solutions:
#   Reduce memory load on the system
#   Increase physical memory or swap space
#   Check if swap backing store is full
#   Decrease Java heap size (-Xmx/-Xms)
#   Decrease number of Java threads
#   Decrease Java thread stack sizes (-Xss)
#   Set larger code cache with -XX:ReservedCodeCacheSize=
#   JVM is running with Unscaled Compressed Oops mode in which the Java heap is
#     placed in the first 4GB address space. The Java Heap base address is the
#     maximum limit for the native heap growth. Please use -XX:HeapBaseMinAddress
#     to set the Java Heap base and to place the Java Heap above 4GB virtual address.
# This output file may be truncated or incomplete.
#
#  Out of Memory Error (allocation.cpp:44), pid=23348, tid=20884
#
# JRE version: OpenJDK Runtime Environment Temurin-21.0.8+9 (21.0.8+9) (build 21.0.8+9-LTS)
# Java VM: OpenJDK 64-Bit Server VM Temurin-21.0.8+9 (21.0.8+9-LTS, mixed mode, sharing, tiered, compressed oops, compressed class ptrs, parallel gc, windows-amd64)
# No core dump will be written. Minidumps are not enabled by default on client versions of Windows
#

---------------  S U M M A R Y ------------

Command Line: --add-modules=ALL-SYSTEM --add-opens=java.base/java.util=ALL-UNNAMED --add-opens=java.base/java.lang=ALL-UNNAMED --add-opens=java.base/sun.nio.fs=ALL-UNNAMED -Declipse.application=org.eclipse.jdt.ls.core.id1 -Dosgi.bundles.defaultStartLevel=4 -Declipse.product=org.eclipse.jdt.ls.core.product -Djava.import.generatesMetadataFilesAtProjectRoot=false -DDetectVMInstallationsJob.disabled=true -Dfile.encoding=utf8 -XX:+UseParallelGC -XX:GCTimeRatio=4 -XX:AdaptiveSizePolicyWeight=90 -Dsun.zip.disableMemoryMapping=true -Xmx2G -Xms100m -Xlog:disable -javaagent:c:\Users\LOQ\.vscode\extensions\redhat.java-1.45.0-win32-x64\lombok\lombok-1.18.39-4050.jar -XX:+HeapDumpOnOutOfMemoryError -XX:HeapDumpPath=c:\Users\LOQ\AppData\Roaming\Code\User\workspaceStorage\1ebab3e4576c50c6a4b0de631f0fff85\redhat.java -Daether.dependencyCollector.impl=bf c:\Users\LOQ\.vscode\extensions\redhat.java-1.45.0-win32-x64\server\plugins\org.eclipse.equinox.launcher_1.7.0.v20250519-0528.jar -configuration c:\Users\LOQ\AppData\Roaming\Code\User\globalStorage\redhat.java\1.45.0\config_win -data c:\Users\LOQ\AppData\Roaming\Code\User\workspaceStorage\1ebab3e4576c50c6a4b0de631f0fff85\redhat.java\jdt_ws --pipe=\\.\pipe\lsp-133a4f0358f09358183dc76e0d5b6c5f-sock

Host: AMD Ryzen 5 7235HS                             , 8 cores, 11G,  Windows 11 , 64 bit Build 26100 (10.0.26100.4768)
Time: Sat Sep  6 07:57:28 2025 Sri Lanka Standard Time elapsed time: 32927.681208 seconds (0d 9h 8m 47s)

---------------  T H R E A D  ---------------

Current thread (0x0000018d166fd740):  JavaThread "Attach Listener" daemon [_thread_in_vm, id=20884, stack(0x0000000801a00000,0x0000000801b00000) (1024K)]

Stack: [0x0000000801a00000,0x0000000801b00000]
Native frames: (J=compiled Java code, j=interpreted, Vv=VM code, C=native code)
V  [jvm.dll+0x6d2449]
V  [jvm.dll+0x8ae341]
V  [jvm.dll+0x8b08be]
V  [jvm.dll+0x8b0fa3]
V  [jvm.dll+0x280c96]
V  [jvm.dll+0xc0347]
V  [jvm.dll+0x6d2cf9]
V  [jvm.dll+0x131116]
V  [jvm.dll+0x3f2d16]
V  [jvm.dll+0x857e6b]
V  [jvm.dll+0x6d0b0d]
C  [ucrtbase.dll+0x37b0]
C  [KERNEL32.DLL+0x2e8d7]
C  [ntdll.dll+0x3c34c]


---------------  P R O C E S S  ---------------

Threads class SMR info:
_java_thread_list=0x0000018d600429a0, length=34, elements={
0x0000018d7d71c080, 0x0000018d7fb8e5c0, 0x0000018d166f44b0, 0x0000018d166f8d30,
0x0000018d166fd740, 0x0000018d166ffcb0, 0x0000018d167026e0, 0x0000018d167140f0,
0x0000018d167149f0, 0x0000018d591db440, 0x0000018d591d7fc0, 0x0000018d591d9370,
0x0000018d591d9a00, 0x0000018d591da090, 0x0000018d591da720, 0x0000018d591d8650,
0x0000018d591dadb0, 0x0000018d5e6502e0, 0x0000018d5e651d20, 0x0000018d5e64f5c0,
0x0000018d59c9c9a0, 0x0000018d59c9d030, 0x0000018d59c9c310, 0x0000018d59c9d6c0,
0x0000018d59c9bc80, 0x0000018d59c9f100, 0x0000018d59c9dd50, 0x0000018d59c9e3e0,
0x0000018d59c9ea70, 0x0000018d608f1590, 0x0000018d608f01e0, 0x0000018d608f1c20,
0x0000018d608f22b0, 0x0000018d608f2940
}

Java Threads: ( => current thread )
  0x0000018d7d71c080 JavaThread "main"                              [_thread_blocked, id=23592, stack(0x0000000801300000,0x0000000801400000) (1024K)]
  0x0000018d7fb8e5c0 JavaThread "Reference Handler"          daemon [_thread_blocked, id=14560, stack(0x0000000801700000,0x0000000801800000) (1024K)]
  0x0000018d166f44b0 JavaThread "Finalizer"                  daemon [_thread_blocked, id=1712, stack(0x0000000801800000,0x0000000801900000) (1024K)]
  0x0000018d166f8d30 JavaThread "Signal Dispatcher"          daemon [_thread_blocked, id=940, stack(0x0000000801900000,0x0000000801a00000) (1024K)]
=>0x0000018d166fd740 JavaThread "Attach Listener"            daemon [_thread_in_vm, id=20884, stack(0x0000000801a00000,0x0000000801b00000) (1024K)]
  0x0000018d166ffcb0 JavaThread "Service Thread"             daemon [_thread_blocked, id=2168, stack(0x0000000801b00000,0x0000000801c00000) (1024K)]
  0x0000018d167026e0 JavaThread "Monitor Deflation Thread"   daemon [_thread_blocked, id=19728, stack(0x0000000801c00000,0x0000000801d00000) (1024K)]
  0x0000018d167140f0 JavaThread "C2 CompilerThread0"         daemon [_thread_blocked, id=9628, stack(0x0000000801d00000,0x0000000801e00000) (1024K)]
  0x0000018d167149f0 JavaThread "C1 CompilerThread0"         daemon [_thread_blocked, id=20992, stack(0x0000000801e00000,0x0000000801f00000) (1024K)]
  0x0000018d591db440 JavaThread "Common-Cleaner"             daemon [_thread_blocked, id=22884, stack(0x0000000801f00000,0x0000000802000000) (1024K)]
  0x0000018d591d7fc0 JavaThread "Notification Thread"        daemon [_thread_blocked, id=10704, stack(0x0000000802100000,0x0000000802200000) (1024K)]
  0x0000018d591d9370 JavaThread "Active Thread: Equinox Container: 5df502e5-310c-4bba-9e41-3190827deaf6"        [_thread_blocked, id=25484, stack(0x0000000802900000,0x0000000802a00000) (1024K)]
  0x0000018d591d9a00 JavaThread "Refresh Thread: Equinox Container: 5df502e5-310c-4bba-9e41-3190827deaf6" daemon [_thread_blocked, id=18788, stack(0x0000000802a00000,0x0000000802b00000) (1024K)]
  0x0000018d591da090 JavaThread "Framework Event Dispatcher: Equinox Container: 5df502e5-310c-4bba-9e41-3190827deaf6" daemon [_thread_blocked, id=25592, stack(0x0000000802c00000,0x0000000802d00000) (1024K)]
  0x0000018d591da720 JavaThread "Start Level: Equinox Container: 5df502e5-310c-4bba-9e41-3190827deaf6" daemon [_thread_blocked, id=19996, stack(0x0000000802000000,0x0000000802100000) (1024K)]
  0x0000018d591d8650 JavaThread "Bundle File Closer"         daemon [_thread_blocked, id=2264, stack(0x0000000802e00000,0x0000000802f00000) (1024K)]
  0x0000018d591dadb0 JavaThread "SCR Component Actor"        daemon [_thread_blocked, id=2100, stack(0x0000000802f00000,0x0000000803000000) (1024K)]
  0x0000018d5e6502e0 JavaThread "Worker-JM"                         [_thread_blocked, id=26504, stack(0x0000000802d00000,0x0000000802e00000) (1024K)]
  0x0000018d5e651d20 JavaThread "JNA Cleaner"                daemon [_thread_blocked, id=28184, stack(0x0000000803100000,0x0000000803200000) (1024K)]
  0x0000018d5e64f5c0 JavaThread "Java indexing"              daemon [_thread_blocked, id=21528, stack(0x0000000803600000,0x0000000803700000) (1024K)]
  0x0000018d59c9c9a0 JavaThread "Worker-5"                          [_thread_blocked, id=13196, stack(0x0000000803b00000,0x0000000803c00000) (1024K)]
  0x0000018d59c9d030 JavaThread "Thread-2"                   daemon [_thread_in_native, id=13252, stack(0x0000000803c00000,0x0000000803d00000) (1024K)]
  0x0000018d59c9c310 JavaThread "Thread-3"                   daemon [_thread_in_native, id=21364, stack(0x0000000803d00000,0x0000000803e00000) (1024K)]
  0x0000018d59c9d6c0 JavaThread "Thread-4"                   daemon [_thread_in_native, id=25748, stack(0x0000000803e00000,0x0000000803f00000) (1024K)]
  0x0000018d59c9bc80 JavaThread "Thread-5"                   daemon [_thread_in_native, id=6916, stack(0x0000000803f00000,0x0000000804000000) (1024K)]
  0x0000018d59c9f100 JavaThread "Thread-6"                   daemon [_thread_in_native, id=24076, stack(0x0000000804000000,0x0000000804100000) (1024K)]
  0x0000018d59c9dd50 JavaThread "Thread-7"                   daemon [_thread_in_native, id=20648, stack(0x0000000804100000,0x0000000804200000) (1024K)]
  0x0000018d59c9e3e0 JavaThread "Thread-8"                   daemon [_thread_in_native, id=24904, stack(0x0000000804200000,0x0000000804300000) (1024K)]
  0x0000018d59c9ea70 JavaThread "Thread-9"                   daemon [_thread_in_native, id=8340, stack(0x0000000804300000,0x0000000804400000) (1024K)]
  0x0000018d608f1590 JavaThread "Thread-10"                  daemon [_thread_in_native, id=5888, stack(0x0000000804400000,0x0000000804500000) (1024K)]
  0x0000018d608f01e0 JavaThread "pool-2-thread-1"                   [_thread_blocked, id=17140, stack(0x0000000804500000,0x0000000804600000) (1024K)]
  0x0000018d608f1c20 JavaThread "Worker-7"                          [_thread_blocked, id=10516, stack(0x0000000804700000,0x0000000804800000) (1024K)]
  0x0000018d608f22b0 JavaThread "WorkspaceEventsHandler"            [_thread_blocked, id=3332, stack(0x0000000804800000,0x0000000804900000) (1024K)]
  0x0000018d608f2940 JavaThread "pool-1-thread-1"                   [_thread_blocked, id=6448, stack(0x0000000804900000,0x0000000804a00000) (1024K)]
Total: 34

Other Threads:
  0x0000018d7d7072c0 VMThread "VM Thread"                           [id=25540, stack(0x0000000801600000,0x0000000801700000) (1024K)]
  0x0000018d1660ba00 WatcherThread "VM Periodic Task Thread"        [id=13104, stack(0x0000000801500000,0x0000000801600000) (1024K)]
  0x0000018d7d7067e0 WorkerThread "GC Thread#0"                     [id=12868, stack(0x0000000801400000,0x0000000801500000) (1024K)]
  0x0000018d7d705960 WorkerThread "GC Thread#1"                     [id=12592, stack(0x0000000802300000,0x0000000802400000) (1024K)]
  0x0000018d7d7060a0 WorkerThread "GC Thread#2"                     [id=2672, stack(0x0000000802400000,0x0000000802500000) (1024K)]
  0x0000018d7d706440 WorkerThread "GC Thread#3"                     [id=22244, stack(0x0000000802500000,0x0000000802600000) (1024K)]
  0x0000018d599ac3a0 WorkerThread "GC Thread#4"                     [id=8868, stack(0x0000000802600000,0x0000000802700000) (1024K)]
  0x0000018d599ab520 WorkerThread "GC Thread#5"                     [id=27080, stack(0x0000000802700000,0x0000000802800000) (1024K)]
  0x0000018d599a9480 WorkerThread "GC Thread#6"                     [id=17328, stack(0x0000000802800000,0x0000000802900000) (1024K)]
  0x0000018d599ac740 WorkerThread "GC Thread#7"                     [id=10708, stack(0x0000000802b00000,0x0000000802c00000) (1024K)]
Total: 10

Threads with active compile tasks:
Total: 0

VM state: not at safepoint (normal execution)

VM Mutex/Monitor currently owned by a thread: None

Heap address: 0x0000000080000000, size: 2048 MB, Compressed Oops mode: 32-bit

CDS archive(s) mapped at: [0x0000018d17000000-0x0000018d17ba0000-0x0000018d17ba0000), size 12189696, SharedBaseAddress: 0x0000018d17000000, ArchiveRelocationMode: 1.
Compressed class space mapped at: 0x0000018d18000000-0x0000018d58000000, reserved size: 1073741824
Narrow klass base: 0x0000018d17000000, Narrow klass shift: 0, Narrow klass range: 0x100000000

GC Precious Log:
 CardTable entry size: 512
 CPUs: 8 total, 8 available
 Memory: 11972M
 Large Page Support: Disabled
 NUMA Support: Disabled
 Compressed Oops: Enabled (32-bit)
 Alignments: Space 512K, Generation 512K, Heap 2M
 Heap Min Capacity: 100M
 Heap Initial Capacity: 100M
 Heap Max Capacity: 2G
 Pre-touch: Disabled
 Parallel Workers: 8

Heap:
 PSYoungGen      total 5632K, used 4577K [0x00000000d5580000, 0x00000000d6180000, 0x0000000100000000)
  eden space 5120K, 79% used [0x00000000d5580000,0x00000000d59785e8,0x00000000d5a80000)
  from space 512K, 100% used [0x00000000d6080000,0x00000000d6100000,0x00000000d6100000)
  to   space 512K, 0% used [0x00000000d6100000,0x00000000d6100000,0x00000000d6180000)
 ParOldGen       total 704512K, used 704436K [0x0000000080000000, 0x00000000ab000000, 0x00000000d5580000)
  object space 704512K, 99% used [0x0000000080000000,0x00000000aafed1c0,0x00000000ab000000)
 Metaspace       used 67088K, committed 68608K, reserved 1114112K
  class space    used 6935K, committed 7616K, reserved 1048576K

Card table byte_map: [0x0000018d7f470000,0x0000018d7f880000] _byte_map_base: 0x0000018d7f070000

Marking Bits: (ParMarkBitMap*) 0x00007ffbc51fa340
 Begin Bits: [0x0000018d12130000, 0x0000018d14130000)
 End Bits:   [0x0000018d14130000, 0x0000018d16130000)

Polling page: 0x0000018d7d930000

Metaspace:

Usage:
  Non-class:     58.74 MB used.
      Class:      6.77 MB used.
       Both:     65.52 MB used.

Virtual space:
  Non-class space:       64.00 MB reserved,      59.56 MB ( 93%) committed,  1 nodes.
      Class space:        1.00 GB reserved,       7.44 MB ( <1%) committed,  1 nodes.
             Both:        1.06 GB reserved,      67.00 MB (  6%) committed. 

Chunk freelists:
   Non-Class:  3.97 MB
       Class:  8.53 MB
        Both:  12.50 MB

MaxMetaspaceSize: unlimited
CompressedClassSpaceSize: 1.00 GB
Initial GC threshold: 21.00 MB
Current GC threshold: 97.31 MB
CDS: on
 - commit_granule_bytes: 65536.
 - commit_granule_words: 8192.
 - virtual_space_node_default_size: 8388608.
 - enlarge_chunks_in_place: 1.
 - use_allocation_guard: 0.


Internal statistics:

num_allocs_failed_limit: 9.
num_arena_births: 1312.
num_arena_deaths: 14.
num_vsnodes_births: 2.
num_vsnodes_deaths: 0.
num_space_committed: 1072.
num_space_uncommitted: 0.
num_chunks_returned_to_freelist: 23.
num_chunks_taken_from_freelist: 4518.
num_chunk_merges: 10.
num_chunk_splits: 2762.
num_chunks_enlarged: 1559.
num_inconsistent_stats: 0.

CodeHeap 'non-profiled nmethods': size=120000Kb used=10319Kb max_used=10319Kb free=109680Kb
 bounds [0x0000018d0ac00000, 0x0000018d0b620000, 0x0000018d12130000]
CodeHeap 'profiled nmethods': size=120000Kb used=32318Kb max_used=32318Kb free=87681Kb
 bounds [0x0000018d03130000, 0x0000018d050c0000, 0x0000018d0a660000]
CodeHeap 'non-nmethods': size=5760Kb used=1435Kb max_used=1519Kb free=4324Kb
 bounds [0x0000018d0a660000, 0x0000018d0a8d0000, 0x0000018d0ac00000]
CodeCache: size=245760Kb, used=44072Kb, max_used=44156Kb, free=201685Kb
 total_blobs=14493, nmethods=13743, adapters=655, full_count=0
Compilation: enabled, stopped_count=0, restarted_count=0

Compilation events (20 events):
Event: 32706.498 Thread 0x0000018d167149f0 14528       3       java.util.concurrent.ThreadPoolExecutor::ensurePrestart (41 bytes)
Event: 32706.499 Thread 0x0000018d167149f0 nmethod 14528 0x0000018d050b5010 code [0x0000018d050b51e0, 0x0000018d050b5490]
Event: 32706.499 Thread 0x0000018d167149f0 14529       3       java.util.concurrent.ScheduledThreadPoolExecutor$DelayedWorkQueue::take (5 bytes)
Event: 32706.499 Thread 0x0000018d167149f0 nmethod 14529 0x0000018d050b5590 code [0x0000018d050b5740, 0x0000018d050b5898]
Event: 32716.503 Thread 0x0000018d167149f0 14531   !   3       java.util.concurrent.FutureTask::runAndReset (125 bytes)
Event: 32716.512 Thread 0x0000018d167149f0 nmethod 14531 0x0000018d050b5990 code [0x0000018d050b5e00, 0x0000018d050b8308]
Event: 32716.512 Thread 0x0000018d167149f0 14532       3       java.util.concurrent.ScheduledThreadPoolExecutor$ScheduledFutureTask::setNextRunTime (38 bytes)
Event: 32716.512 Thread 0x0000018d167149f0 nmethod 14532 0x0000018d050b8e90 code [0x0000018d050b9040, 0x0000018d050b9250]
Event: 32716.512 Thread 0x0000018d167149f0 14533       3       java.util.concurrent.ScheduledThreadPoolExecutor::reExecutePeriodic (49 bytes)
Event: 32716.513 Thread 0x0000018d167149f0 nmethod 14533 0x0000018d050b9310 code [0x0000018d050b9540, 0x0000018d050b9bc0]
Event: 32770.341 Thread 0x0000018d167140f0 14534       4       java.util.stream.ForEachOps$ForEachOp$OfRef::accept (11 bytes)
Event: 32770.343 Thread 0x0000018d167140f0 nmethod 14534 0x0000018d0b613a10 code [0x0000018d0b613ba0, 0x0000018d0b613c50]
Event: 32770.956 Thread 0x0000018d167149f0 14535       3       org.eclipse.core.internal.localstore.FileSystemResourceManager::locationURIFor (16 bytes)
Event: 32770.962 Thread 0x0000018d167149f0 nmethod 14535 0x0000018d050b9e10 code [0x0000018d050b9fe0, 0x0000018d050ba258]
Event: 32770.962 Thread 0x0000018d167149f0 14536   !   3       org.eclipse.core.internal.localstore.FileStoreRoot::computeURI (75 bytes)
Event: 32770.966 Thread 0x0000018d167149f0 nmethod 14536 0x0000018d050ba390 code [0x0000018d050ba640, 0x0000018d050bb208]
Event: 32770.966 Thread 0x0000018d167149f0 14537       3       org.eclipse.core.internal.localstore.FileStoreRoot::getManager (85 bytes)
Event: 32770.972 Thread 0x0000018d167149f0 nmethod 14537 0x0000018d050bb790 code [0x0000018d050bbb60, 0x0000018d050bd790]
Event: 32895.186 Thread 0x0000018d167149f0 14538   !   3       java.util.logging.LogManager::ensureLogManagerInitialized (144 bytes)
Event: 32895.191 Thread 0x0000018d167149f0 nmethod 14538 0x0000018d050be110 code [0x0000018d050be420, 0x0000018d050bf540]

GC Heap History (20 events):
Event: 20.480 GC heap before
{Heap before GC invocations=799 (full 3):
 PSYoungGen      total 6656K, used 6632K [0x00000000d5580000, 0x00000000d6580000, 0x0000000100000000)
  eden space 5120K, 100% used [0x00000000d5580000,0x00000000d5a80000,0x00000000d5a80000)
  from space 1536K, 98% used [0x00000000d5a80000,0x00000000d5bfa380,0x00000000d5c00000)
  to   space 5120K, 0% used [0x00000000d6080000,0x00000000d6080000,0x00000000d6580000)
 ParOldGen       total 686080K, used 685995K [0x0000000080000000, 0x00000000a9e00000, 0x00000000d5580000)
  object space 686080K, 99% used [0x0000000080000000,0x00000000a9dead10,0x00000000a9e00000)
 Metaspace       used 66369K, committed 67968K, reserved 1114112K
  class space    used 6873K, committed 7616K, reserved 1048576K
}
Event: 20.483 GC heap after
{Heap after GC invocations=799 (full 3):
 PSYoungGen      total 8192K, used 2761K [0x00000000d5580000, 0x00000000d6380000, 0x0000000100000000)
  eden space 5120K, 0% used [0x00000000d5580000,0x00000000d5580000,0x00000000d5a80000)
  from space 3072K, 89% used [0x00000000d6080000,0x00000000d6332470,0x00000000d6380000)
  to   space 3584K, 0% used [0x00000000d5c80000,0x00000000d5c80000,0x00000000d6000000)
 ParOldGen       total 686592K, used 686508K [0x0000000080000000, 0x00000000a9e80000, 0x00000000d5580000)
  object space 686592K, 99% used [0x0000000080000000,0x00000000a9e6b118,0x00000000a9e80000)
 Metaspace       used 66369K, committed 67968K, reserved 1114112K
  class space    used 6873K, committed 7616K, reserved 1048576K
}
Event: 20.499 GC heap before
{Heap before GC invocations=800 (full 3):
 PSYoungGen      total 8192K, used 7881K [0x00000000d5580000, 0x00000000d6380000, 0x0000000100000000)
  eden space 5120K, 100% used [0x00000000d5580000,0x00000000d5a80000,0x00000000d5a80000)
  from space 3072K, 89% used [0x00000000d6080000,0x00000000d6332470,0x00000000d6380000)
  to   space 3584K, 0% used [0x00000000d5c80000,0x00000000d5c80000,0x00000000d6000000)
 ParOldGen       total 686592K, used 686508K [0x0000000080000000, 0x00000000a9e80000, 0x00000000d5580000)
  object space 686592K, 99% used [0x0000000080000000,0x00000000a9e6b118,0x00000000a9e80000)
 Metaspace       used 66369K, committed 67968K, reserved 1114112K
  class space    used 6873K, committed 7616K, reserved 1048576K
}
Event: 20.502 GC heap after
{Heap after GC invocations=800 (full 3):
 PSYoungGen      total 7680K, used 2280K [0x00000000d5580000, 0x00000000d6100000, 0x0000000100000000)
  eden space 5120K, 0% used [0x00000000d5580000,0x00000000d5580000,0x00000000d5a80000)
  from space 2560K, 89% used [0x00000000d5c80000,0x00000000d5eba348,0x00000000d5f00000)
  to   space 2048K, 0% used [0x00000000d5f00000,0x00000000d5f00000,0x00000000d6100000)
 ParOldGen       total 688640K, used 688508K [0x0000000080000000, 0x00000000aa080000, 0x00000000d5580000)
  object space 688640K, 99% used [0x0000000080000000,0x00000000aa05f090,0x00000000aa080000)
 Metaspace       used 66369K, committed 67968K, reserved 1114112K
  class space    used 6873K, committed 7616K, reserved 1048576K
}
Event: 20.525 GC heap before
{Heap before GC invocations=801 (full 3):
 PSYoungGen      total 7680K, used 7400K [0x00000000d5580000, 0x00000000d6100000, 0x0000000100000000)
  eden space 5120K, 100% used [0x00000000d5580000,0x00000000d5a80000,0x00000000d5a80000)
  from space 2560K, 89% used [0x00000000d5c80000,0x00000000d5eba348,0x00000000d5f00000)
  to   space 2048K, 0% used [0x00000000d5f00000,0x00000000d5f00000,0x00000000d6100000)
 ParOldGen       total 688640K, used 688508K [0x0000000080000000, 0x00000000aa080000, 0x00000000d5580000)
  object space 688640K, 99% used [0x0000000080000000,0x00000000aa05f090,0x00000000aa080000)
 Metaspace       used 66369K, committed 67968K, reserved 1114112K
  class space    used 6873K, committed 7616K, reserved 1048576K
}
Event: 20.528 GC heap after
{Heap after GC invocations=801 (full 3):
 PSYoungGen      total 7168K, used 2016K [0x00000000d5580000, 0x00000000d6380000, 0x0000000100000000)
  eden space 5120K, 0% used [0x00000000d5580000,0x00000000d5580000,0x00000000d5a80000)
  from space 2048K, 98% used [0x00000000d5f00000,0x00000000d60f8008,0x00000000d6100000)
  to   space 4608K, 0% used [0x00000000d5a80000,0x00000000d5a80000,0x00000000d5f00000)
 ParOldGen       total 690688K, used 690443K [0x0000000080000000, 0x00000000aa280000, 0x00000000d5580000)
  object space 690688K, 99% used [0x0000000080000000,0x00000000aa242ed0,0x00000000aa280000)
 Metaspace       used 66369K, committed 67968K, reserved 1114112K
  class space    used 6873K, committed 7616K, reserved 1048576K
}
Event: 20.543 GC heap before
{Heap before GC invocations=802 (full 3):
 PSYoungGen      total 7168K, used 7136K [0x00000000d5580000, 0x00000000d6380000, 0x0000000100000000)
  eden space 5120K, 100% used [0x00000000d5580000,0x00000000d5a80000,0x00000000d5a80000)
  from space 2048K, 98% used [0x00000000d5f00000,0x00000000d60f8008,0x00000000d6100000)
  to   space 4608K, 0% used [0x00000000d5a80000,0x00000000d5a80000,0x00000000d5f00000)
 ParOldGen       total 690688K, used 690443K [0x0000000080000000, 0x00000000aa280000, 0x00000000d5580000)
  object space 690688K, 99% used [0x0000000080000000,0x00000000aa242ed0,0x00000000aa280000)
 Metaspace       used 66369K, committed 67968K, reserved 1114112K
  class space    used 6873K, committed 7616K, reserved 1048576K
}
Event: 20.546 GC heap after
{Heap after GC invocations=802 (full 3):
 PSYoungGen      total 6656K, used 1522K [0x00000000d5580000, 0x00000000d5f80000, 0x0000000100000000)
  eden space 5120K, 0% used [0x00000000d5580000,0x00000000d5580000,0x00000000d5a80000)
  from space 1536K, 99% used [0x00000000d5a80000,0x00000000d5bfc808,0x00000000d5c00000)
  to   space 2560K, 0% used [0x00000000d5d00000,0x00000000d5d00000,0x00000000d5f80000)
 ParOldGen       total 692736K, used 692376K [0x0000000080000000, 0x00000000aa480000, 0x00000000d5580000)
  object space 692736K, 99% used [0x0000000080000000,0x00000000aa426220,0x00000000aa480000)
 Metaspace       used 66369K, committed 67968K, reserved 1114112K
  class space    used 6873K, committed 7616K, reserved 1048576K
}
Event: 20.563 GC heap before
{Heap before GC invocations=803 (full 3):
 PSYoungGen      total 6656K, used 6642K [0x00000000d5580000, 0x00000000d5f80000, 0x0000000100000000)
  eden space 5120K, 100% used [0x00000000d5580000,0x00000000d5a80000,0x00000000d5a80000)
  from space 1536K, 99% used [0x00000000d5a80000,0x00000000d5bfc808,0x00000000d5c00000)
  to   space 2560K, 0% used [0x00000000d5d00000,0x00000000d5d00000,0x00000000d5f80000)
 ParOldGen       total 692736K, used 692376K [0x0000000080000000, 0x00000000aa480000, 0x00000000d5580000)
  object space 692736K, 99% used [0x0000000080000000,0x00000000aa426220,0x00000000aa480000)
 Metaspace       used 66399K, committed 67968K, reserved 1114112K
  class space    used 6881K, committed 7616K, reserved 1048576K
}
Event: 20.566 GC heap after
{Heap after GC invocations=803 (full 3):
 PSYoungGen      total 7680K, used 2015K [0x00000000d5580000, 0x00000000d5f80000, 0x0000000100000000)
  eden space 5120K, 0% used [0x00000000d5580000,0x00000000d5580000,0x00000000d5a80000)
  from space 2560K, 78% used [0x00000000d5d00000,0x00000000d5ef7e58,0x00000000d5f80000)
  to   space 2560K, 0% used [0x00000000d5a80000,0x00000000d5a80000,0x00000000d5d00000)
 ParOldGen       total 694272K, used 693819K [0x0000000080000000, 0x00000000aa600000, 0x00000000d5580000)
  object space 694272K, 99% used [0x0000000080000000,0x00000000aa58ecb8,0x00000000aa600000)
 Metaspace       used 66399K, committed 67968K, reserved 1114112K
  class space    used 6881K, committed 7616K, reserved 1048576K
}
Event: 20.596 GC heap before
{Heap before GC invocations=804 (full 3):
 PSYoungGen      total 7680K, used 7135K [0x00000000d5580000, 0x00000000d5f80000, 0x0000000100000000)
  eden space 5120K, 100% used [0x00000000d5580000,0x00000000d5a80000,0x00000000d5a80000)
  from space 2560K, 78% used [0x00000000d5d00000,0x00000000d5ef7e58,0x00000000d5f80000)
  to   space 2560K, 0% used [0x00000000d5a80000,0x00000000d5a80000,0x00000000d5d00000)
 ParOldGen       total 694272K, used 693819K [0x0000000080000000, 0x00000000aa600000, 0x00000000d5580000)
  object space 694272K, 99% used [0x0000000080000000,0x00000000aa58ecb8,0x00000000aa600000)
 Metaspace       used 66399K, committed 67968K, reserved 1114112K
  class space    used 6881K, committed 7616K, reserved 1048576K
}
Event: 20.601 GC heap after
{Heap after GC invocations=804 (full 3):
 PSYoungGen      total 7680K, used 2555K [0x00000000d5580000, 0x00000000d6a80000, 0x0000000100000000)
  eden space 5120K, 0% used [0x00000000d5580000,0x00000000d5580000,0x00000000d5a80000)
  from space 2560K, 99% used [0x00000000d5a80000,0x00000000d5cfeec0,0x00000000d5d00000)
  to   space 8192K, 0% used [0x00000000d6280000,0x00000000d6280000,0x00000000d6a80000)
 ParOldGen       total 698368K, used 698122K [0x0000000080000000, 0x00000000aaa00000, 0x00000000d5580000)
  object space 698368K, 99% used [0x0000000080000000,0x00000000aa9c2bb8,0x00000000aaa00000)
 Metaspace       used 66399K, committed 67968K, reserved 1114112K
  class space    used 6881K, committed 7616K, reserved 1048576K
}
Event: 20.624 GC heap before
{Heap before GC invocations=805 (full 3):
 PSYoungGen      total 7680K, used 7641K [0x00000000d5580000, 0x00000000d6a80000, 0x0000000100000000)
  eden space 5120K, 99% used [0x00000000d5580000,0x00000000d5a77600,0x00000000d5a80000)
  from space 2560K, 99% used [0x00000000d5a80000,0x00000000d5cfeec0,0x00000000d5d00000)
  to   space 8192K, 0% used [0x00000000d6280000,0x00000000d6280000,0x00000000d6a80000)
 ParOldGen       total 698368K, used 698122K [0x0000000080000000, 0x00000000aaa00000, 0x00000000d5580000)
  object space 698368K, 99% used [0x0000000080000000,0x00000000aa9c2bb8,0x00000000aaa00000)
 Metaspace       used 66481K, committed 68032K, reserved 1114112K
  class space    used 6890K, committed 7616K, reserved 1048576K
}
Event: 20.628 GC heap after
{Heap after GC invocations=805 (full 3):
 PSYoungGen      total 8704K, used 3568K [0x00000000d5580000, 0x00000000d6600000, 0x0000000100000000)
  eden space 5120K, 0% used [0x00000000d5580000,0x00000000d5580000,0x00000000d5a80000)
  from space 3584K, 99% used [0x00000000d6280000,0x00000000d65fc030,0x00000000d6600000)
  to   space 5120K, 0% used [0x00000000d5c00000,0x00000000d5c00000,0x00000000d6100000)
 ParOldGen       total 700928K, used 700725K [0x0000000080000000, 0x00000000aac80000, 0x00000000d5580000)
  object space 700928K, 99% used [0x0000000080000000,0x00000000aac4d518,0x00000000aac80000)
 Metaspace       used 66481K, committed 68032K, reserved 1114112K
  class space    used 6890K, committed 7616K, reserved 1048576K
}
Event: 20.643 GC heap before
{Heap before GC invocations=806 (full 3):
 PSYoungGen      total 8704K, used 8688K [0x00000000d5580000, 0x00000000d6600000, 0x0000000100000000)
  eden space 5120K, 100% used [0x00000000d5580000,0x00000000d5a80000,0x00000000d5a80000)
  from space 3584K, 99% used [0x00000000d6280000,0x00000000d65fc030,0x00000000d6600000)
  to   space 5120K, 0% used [0x00000000d5c00000,0x00000000d5c00000,0x00000000d6100000)
 ParOldGen       total 700928K, used 700725K [0x0000000080000000, 0x00000000aac80000, 0x00000000d5580000)
  object space 700928K, 99% used [0x0000000080000000,0x00000000aac4d518,0x00000000aac80000)
 Metaspace       used 66488K, committed 68032K, reserved 1114112K
  class space    used 6890K, committed 7616K, reserved 1048576K
}
Event: 20.647 GC heap after
{Heap after GC invocations=806 (full 3):
 PSYoungGen      total 10240K, used 96K [0x00000000d5580000, 0x00000000d6300000, 0x0000000100000000)
  eden space 5120K, 0% used [0x00000000d5580000,0x00000000d5580000,0x00000000d5a80000)
  from space 5120K, 1% used [0x00000000d5c00000,0x00000000d5c18000,0x00000000d6100000)
  to   space 2048K, 0% used [0x00000000d6100000,0x00000000d6100000,0x00000000d6300000)
 ParOldGen       total 704512K, used 704252K [0x0000000080000000, 0x00000000ab000000, 0x00000000d5580000)
  object space 704512K, 99% used [0x0000000080000000,0x00000000aafbf1b0,0x00000000ab000000)
 Metaspace       used 66488K, committed 68032K, reserved 1114112K
  class space    used 6890K, committed 7616K, reserved 1048576K
}
Event: 20.778 GC heap before
{Heap before GC invocations=807 (full 3):
 PSYoungGen      total 10240K, used 5216K [0x00000000d5580000, 0x00000000d6300000, 0x0000000100000000)
  eden space 5120K, 100% used [0x00000000d5580000,0x00000000d5a80000,0x00000000d5a80000)
  from space 5120K, 1% used [0x00000000d5c00000,0x00000000d5c18000,0x00000000d6100000)
  to   space 2048K, 0% used [0x00000000d6100000,0x00000000d6100000,0x00000000d6300000)
 ParOldGen       total 704512K, used 704252K [0x0000000080000000, 0x00000000ab000000, 0x00000000d5580000)
  object space 704512K, 99% used [0x0000000080000000,0x00000000aafbf1b0,0x00000000ab000000)
 Metaspace       used 66505K, committed 68096K, reserved 1114112K
  class space    used 6890K, committed 7616K, reserved 1048576K
}
Event: 20.780 GC heap after
{Heap after GC invocations=807 (full 3):
 PSYoungGen      total 5632K, used 256K [0x00000000d5580000, 0x00000000d6180000, 0x0000000100000000)
  eden space 5120K, 0% used [0x00000000d5580000,0x00000000d5580000,0x00000000d5a80000)
  from space 512K, 50% used [0x00000000d6100000,0x00000000d6140000,0x00000000d6180000)
  to   space 512K, 0% used [0x00000000d6080000,0x00000000d6080000,0x00000000d6100000)
 ParOldGen       total 704512K, used 704292K [0x0000000080000000, 0x00000000ab000000, 0x00000000d5580000)
  object space 704512K, 99% used [0x0000000080000000,0x00000000aafc91b0,0x00000000ab000000)
 Metaspace       used 66505K, committed 68096K, reserved 1114112K
  class space    used 6890K, committed 7616K, reserved 1048576K
}
Event: 325.276 GC heap before
{Heap before GC invocations=808 (full 3):
 PSYoungGen      total 5632K, used 5376K [0x00000000d5580000, 0x00000000d6180000, 0x0000000100000000)
  eden space 5120K, 100% used [0x00000000d5580000,0x00000000d5a80000,0x00000000d5a80000)
  from space 512K, 50% used [0x00000000d6100000,0x00000000d6140000,0x00000000d6180000)
  to   space 512K, 0% used [0x00000000d6080000,0x00000000d6080000,0x00000000d6100000)
 ParOldGen       total 704512K, used 704292K [0x0000000080000000, 0x00000000ab000000, 0x00000000d5580000)
  object space 704512K, 99% used [0x0000000080000000,0x00000000aafc91b0,0x00000000ab000000)
 Metaspace       used 66899K, committed 68480K, reserved 1114112K
  class space    used 6922K, committed 7616K, reserved 1048576K
}
Event: 325.283 GC heap after
{Heap after GC invocations=808 (full 3):
 PSYoungGen      total 5632K, used 512K [0x00000000d5580000, 0x00000000d6180000, 0x0000000100000000)
  eden space 5120K, 0% used [0x00000000d5580000,0x00000000d5580000,0x00000000d5a80000)
  from space 512K, 100% used [0x00000000d6080000,0x00000000d6100000,0x00000000d6100000)
  to   space 512K, 0% used [0x00000000d6100000,0x00000000d6100000,0x00000000d6180000)
 ParOldGen       total 704512K, used 704436K [0x0000000080000000, 0x00000000ab000000, 0x00000000d5580000)
  object space 704512K, 99% used [0x0000000080000000,0x00000000aafed1c0,0x00000000ab000000)
 Metaspace       used 66899K, committed 68480K, reserved 1114112K
  class space    used 6922K, committed 7616K, reserved 1048576K
}

Dll operation events (10 events):
Event: 0.016 Loaded shared library c:\Users\LOQ\.vscode\extensions\redhat.java-1.45.0-win32-x64\jre\21.0.8-win32-x86_64\bin\java.dll
Event: 0.099 Loaded shared library c:\Users\LOQ\.vscode\extensions\redhat.java-1.45.0-win32-x64\jre\21.0.8-win32-x86_64\bin\zip.dll
Event: 0.128 Loaded shared library C:\Users\LOQ\.vscode\extensions\redhat.java-1.45.0-win32-x64\jre\21.0.8-win32-x86_64\bin\instrument.dll
Event: 0.136 Loaded shared library C:\Users\LOQ\.vscode\extensions\redhat.java-1.45.0-win32-x64\jre\21.0.8-win32-x86_64\bin\net.dll
Event: 0.141 Loaded shared library C:\Users\LOQ\.vscode\extensions\redhat.java-1.45.0-win32-x64\jre\21.0.8-win32-x86_64\bin\nio.dll
Event: 0.145 Loaded shared library C:\Users\LOQ\.vscode\extensions\redhat.java-1.45.0-win32-x64\jre\21.0.8-win32-x86_64\bin\zip.dll
Event: 0.171 Loaded shared library C:\Users\LOQ\.vscode\extensions\redhat.java-1.45.0-win32-x64\jre\21.0.8-win32-x86_64\bin\jimage.dll
Event: 0.305 Loaded shared library c:\Users\LOQ\.vscode\extensions\redhat.java-1.45.0-win32-x64\jre\21.0.8-win32-x86_64\bin\verify.dll
Event: 1.784 Loaded shared library C:\Users\LOQ\AppData\Roaming\Code\User\globalStorage\redhat.java\1.45.0\config_win\org.eclipse.equinox.launcher\org.eclipse.equinox.launcher.win32.win32.x86_64_1.2.1400.v20250801-0854\eclipse_11916.dll
Event: 3.558 Loaded shared library C:\Users\LOQ\AppData\Local\Temp\jna-75566\jna13572659149036710625.dll

Deoptimization events (20 events):
Event: 325.309 Thread 0x0000018d608f1c20 DEOPT PACKING pc=0x0000018d0b5ef898 sp=0x00000008047feb10
Event: 325.309 Thread 0x0000018d608f1c20 DEOPT UNPACKING pc=0x0000018d0a6b3aa2 sp=0x00000008047feac8 mode 2
Event: 325.309 Thread 0x0000018d608f1c20 Uncommon trap: trap_request=0xffffffde fr.pc=0x0000018d0b5f3304 relative=0x0000000000000484
Event: 325.309 Thread 0x0000018d608f1c20 Uncommon trap: reason=class_check action=maybe_recompile pc=0x0000018d0b5f3304 method=java.io.DataOutputStream.writeInt(I)V @ 19 c2
Event: 325.309 Thread 0x0000018d608f1c20 DEOPT PACKING pc=0x0000018d0b5f3304 sp=0x00000008047fe9c0
Event: 325.309 Thread 0x0000018d608f1c20 DEOPT UNPACKING pc=0x0000018d0a6b3aa2 sp=0x00000008047fe978 mode 2
Event: 325.309 Thread 0x0000018d608f1c20 DEOPT PACKING pc=0x0000018d0390372e sp=0x00000008047fe4b0
Event: 325.309 Thread 0x0000018d608f1c20 DEOPT UNPACKING pc=0x0000018d0a6b4242 sp=0x00000008047fda08 mode 0
Event: 325.330 Thread 0x0000018d608f1c20 Uncommon trap: trap_request=0xffffff45 fr.pc=0x0000018d0b5cb21c relative=0x000000000000079c
Event: 325.330 Thread 0x0000018d608f1c20 Uncommon trap: reason=unstable_if action=reinterpret pc=0x0000018d0b5cb21c method=java.io.InputStream.read([BII)I @ 52 c2
Event: 325.330 Thread 0x0000018d608f1c20 DEOPT PACKING pc=0x0000018d0b5cb21c sp=0x00000008047feaa0
Event: 325.330 Thread 0x0000018d608f1c20 DEOPT UNPACKING pc=0x0000018d0a6b3aa2 sp=0x00000008047fea30 mode 2
Event: 325.437 Thread 0x0000018d608f1590 Uncommon trap: trap_request=0xffffffc6 fr.pc=0x0000018d0b1f1bd4 relative=0x0000000000000654
Event: 325.437 Thread 0x0000018d608f1590 Uncommon trap: reason=bimorphic_or_optimized_type_check action=maybe_recompile pc=0x0000018d0b1f1bd4 method=java.util.HashMap.removeNode(ILjava/lang/Object;Ljava/lang/Object;ZZ)Ljava/util/HashMap$Node; @ 143 c2
Event: 325.437 Thread 0x0000018d608f1590 DEOPT PACKING pc=0x0000018d0b1f1bd4 sp=0x00000008044fec90
Event: 325.438 Thread 0x0000018d608f1590 DEOPT UNPACKING pc=0x0000018d0a6b3aa2 sp=0x00000008044fec38 mode 2
Event: 981.240 Thread 0x0000018d608f22b0 Uncommon trap: trap_request=0xffffff45 fr.pc=0x0000018d0b1751fc relative=0x00000000000002bc
Event: 981.240 Thread 0x0000018d608f22b0 Uncommon trap: reason=unstable_if action=reinterpret pc=0x0000018d0b1751fc method=org.eclipse.core.runtime.Path.equals(Ljava/lang/Object;)Z @ 120 c2
Event: 981.240 Thread 0x0000018d608f22b0 DEOPT PACKING pc=0x0000018d0b1751fc sp=0x00000008048ff1d0
Event: 981.240 Thread 0x0000018d608f22b0 DEOPT UNPACKING pc=0x0000018d0a6b3aa2 sp=0x00000008048ff160 mode 2

Classes loaded (20 events):
Event: 31.552 Loading class sun/util/resources/TimeZoneNames_en
Event: 31.552 Loading class sun/util/resources/TimeZoneNames_en done
Event: 325.265 Loading class java/util/stream/Nodes$CollectorTask$OfRef
Event: 325.265 Loading class java/util/stream/Nodes$CollectorTask
Event: 325.265 Loading class java/util/stream/Nodes$CollectorTask done
Event: 325.265 Loading class java/util/stream/Nodes$CollectorTask$OfRef done
Event: 325.265 Loading class java/util/function/LongFunction
Event: 325.265 Loading class java/util/function/LongFunction done
Event: 325.266 Loading class java/util/stream/Nodes$ConcNode
Event: 325.266 Loading class java/util/stream/Nodes$AbstractConcNode
Event: 325.266 Loading class java/util/stream/Nodes$AbstractConcNode done
Event: 325.266 Loading class java/util/stream/Nodes$ConcNode done
Event: 325.271 Loading class java/io/ObjectOutputStream$BlockDataOutputStream
Event: 325.272 Loading class java/io/ObjectOutputStream$BlockDataOutputStream done
Event: 325.272 Loading class java/io/ObjectOutputStream$HandleTable
Event: 325.272 Loading class java/io/ObjectOutputStream$HandleTable done
Event: 325.272 Loading class java/io/ObjectOutputStream$ReplaceTable
Event: 325.272 Loading class java/io/ObjectOutputStream$ReplaceTable done
Event: 325.274 Loading class java/nio/charset/CharacterCodingException
Event: 325.274 Loading class java/nio/charset/CharacterCodingException done

Classes unloaded (7 events):
Event: 4.021 Thread 0x0000018d7d7072c0 Unloading class 0x0000018d181aa800 'java/lang/invoke/LambdaForm$MH+0x0000018d181aa800'
Event: 4.021 Thread 0x0000018d7d7072c0 Unloading class 0x0000018d181aa400 'java/lang/invoke/LambdaForm$MH+0x0000018d181aa400'
Event: 4.021 Thread 0x0000018d7d7072c0 Unloading class 0x0000018d181aa000 'java/lang/invoke/LambdaForm$MH+0x0000018d181aa000'
Event: 4.021 Thread 0x0000018d7d7072c0 Unloading class 0x0000018d181a9c00 'java/lang/invoke/LambdaForm$MH+0x0000018d181a9c00'
Event: 4.021 Thread 0x0000018d7d7072c0 Unloading class 0x0000018d181a9800 'java/lang/invoke/LambdaForm$BMH+0x0000018d181a9800'
Event: 4.021 Thread 0x0000018d7d7072c0 Unloading class 0x0000018d181a9400 'java/lang/invoke/LambdaForm$DMH+0x0000018d181a9400'
Event: 4.021 Thread 0x0000018d7d7072c0 Unloading class 0x0000018d181a8000 'java/lang/invoke/LambdaForm$DMH+0x0000018d181a8000'

Classes redefined (0 events):
No events

Internal exceptions (20 events):
Event: 19.947 Thread 0x0000018d5e64f5c0 Exception <a 'sun/nio/fs/WindowsException'{0x00000000d55fbc18}> (0x00000000d55fbc18) 
thrown [s\src\hotspot\share\prims\jni.cpp, line 520]
Event: 19.959 Thread 0x0000018d5e64f5c0 Exception <a 'sun/nio/fs/WindowsException'{0x00000000d595f518}> (0x00000000d595f518) 
thrown [s\src\hotspot\share\prims\jni.cpp, line 520]
Event: 19.971 Thread 0x0000018d5e64f5c0 Exception <a 'sun/nio/fs/WindowsException'{0x00000000d571e780}> (0x00000000d571e780) 
thrown [s\src\hotspot\share\prims\jni.cpp, line 520]
Event: 19.977 Thread 0x0000018d5e64f5c0 Exception <a 'sun/nio/fs/WindowsException'{0x00000000d577dda0}> (0x00000000d577dda0) 
thrown [s\src\hotspot\share\prims\jni.cpp, line 520]
Event: 19.986 Thread 0x0000018d5e64f5c0 Exception <a 'sun/nio/fs/WindowsException'{0x00000000d58a7950}> (0x00000000d58a7950) 
thrown [s\src\hotspot\share\prims\jni.cpp, line 520]
Event: 19.994 Thread 0x0000018d5e64f5c0 Exception <a 'sun/nio/fs/WindowsException'{0x00000000d594c720}> (0x00000000d594c720) 
thrown [s\src\hotspot\share\prims\jni.cpp, line 520]
Event: 20.136 Thread 0x0000018d5e64f5c0 Exception <a 'sun/nio/fs/WindowsException'{0x00000000d5823d08}> (0x00000000d5823d08) 
thrown [s\src\hotspot\share\prims\jni.cpp, line 520]
Event: 20.143 Thread 0x0000018d5e64f5c0 Exception <a 'sun/nio/fs/WindowsException'{0x00000000d58f9818}> (0x00000000d58f9818) 
thrown [s\src\hotspot\share\prims\jni.cpp, line 520]
Event: 20.244 Thread 0x0000018d5e64f5c0 Exception <a 'sun/nio/fs/WindowsException'{0x00000000d59778d0}> (0x00000000d59778d0) 
thrown [s\src\hotspot\share\prims\jni.cpp, line 520]
Event: 20.296 Thread 0x0000018d5e64f5c0 Exception <a 'sun/nio/fs/WindowsException'{0x00000000d5aafe40}> (0x00000000d5aafe40) 
thrown [s\src\hotspot\share\prims\jni.cpp, line 520]
Event: 20.613 Thread 0x0000018d6cf516d0 Exception <a 'sun/nio/fs/WindowsException'{0x00000000d598b538}> (0x00000000d598b538) 
thrown [s\src\hotspot\share\prims\jni.cpp, line 520]
Event: 20.614 Thread 0x0000018d6cf516d0 Exception <a 'sun/nio/fs/WindowsException'{0x00000000d598be38}> (0x00000000d598be38) 
thrown [s\src\hotspot\share\prims\jni.cpp, line 520]
Event: 20.614 Thread 0x0000018d6cf516d0 Exception <a 'sun/nio/fs/WindowsException'{0x00000000d598cfb0}> (0x00000000d598cfb0) 
thrown [s\src\hotspot\share\prims\jni.cpp, line 520]
Event: 20.614 Thread 0x0000018d6cf516d0 Exception <a 'sun/nio/fs/WindowsException'{0x00000000d598d890}> (0x00000000d598d890) 
thrown [s\src\hotspot\share\prims\jni.cpp, line 520]
Event: 20.614 Thread 0x0000018d6cf516d0 Exception <a 'sun/nio/fs/WindowsException'{0x00000000d598f7a8}> (0x00000000d598f7a8) 
thrown [s\src\hotspot\share\prims\jni.cpp, line 520]
Event: 20.614 Thread 0x0000018d6cf516d0 Exception <a 'sun/nio/fs/WindowsException'{0x00000000d5990088}> (0x00000000d5990088) 
thrown [s\src\hotspot\share\prims\jni.cpp, line 520]
Event: 20.618 Thread 0x0000018d6cf516d0 Exception <a 'sun/nio/fs/WindowsException'{0x00000000d59b0160}> (0x00000000d59b0160) 
thrown [s\src\hotspot\share\prims\jni.cpp, line 520]
Event: 20.618 Thread 0x0000018d6cf516d0 Exception <a 'sun/nio/fs/WindowsException'{0x00000000d59b0a40}> (0x00000000d59b0a40) 
thrown [s\src\hotspot\share\prims\jni.cpp, line 520]
Event: 325.303 Thread 0x0000018d608f1c20 Exception <a 'java/lang/NoSuchMethodError'{0x00000000d55daeb0}: static [J.<clinit>()V> (0x00000000d55daeb0) 
thrown [s\src\hotspot\share\prims\jni.cpp, line 1111]
Event: 325.314 Thread 0x0000018d608f1c20 Exception <a 'java/lang/NoSuchMethodError'{0x00000000d56111b0}: 'java.lang.Object java.lang.invoke.DirectMethodHandle$Holder.newInvokeSpecial(java.lang.Object, java.lang.Object, java.lang.Object, java.lang.Object, java.lang.Object, java.lang.Object, java.lang.Object, java.lang.Object)'> (0x00000000d56111b0) 
thrown [s\src\hotspot\share\interpreter\linkResolver.cpp, line 773]

ZGC Phase Switch (0 events):
No events

VM Operations (20 events):
Event: 32647.767 Executing VM operation: HandshakeAllThreads (HandshakeForDeflation)
Event: 32647.767 Executing VM operation: HandshakeAllThreads (HandshakeForDeflation) done
Event: 32647.767 Executing VM operation: RendezvousGCThreads
Event: 32647.767 Executing VM operation: RendezvousGCThreads done
Event: 32707.840 Executing VM operation: HandshakeAllThreads (HandshakeForDeflation)
Event: 32707.840 Executing VM operation: HandshakeAllThreads (HandshakeForDeflation) done
Event: 32707.840 Executing VM operation: RendezvousGCThreads
Event: 32707.840 Executing VM operation: RendezvousGCThreads done
Event: 32711.872 Executing VM operation: Cleanup
Event: 32711.872 Executing VM operation: Cleanup done
Event: 32767.884 Executing VM operation: HandshakeAllThreads (HandshakeForDeflation)
Event: 32767.884 Executing VM operation: HandshakeAllThreads (HandshakeForDeflation) done
Event: 32767.884 Executing VM operation: RendezvousGCThreads
Event: 32767.884 Executing VM operation: RendezvousGCThreads done
Event: 32771.922 Executing VM operation: Cleanup
Event: 32771.922 Executing VM operation: Cleanup done
Event: 32888.103 Executing VM operation: HandshakeAllThreads (HandshakeForDeflation)
Event: 32888.103 Executing VM operation: HandshakeAllThreads (HandshakeForDeflation) done
Event: 32888.103 Executing VM operation: RendezvousGCThreads
Event: 32888.103 Executing VM operation: RendezvousGCThreads done

Memory protections (0 events):
No events

Nmethod flushes (20 events):
Event: 10.518 Thread 0x0000018d7d7072c0 flushing  nmethod 0x0000018d03995f90
Event: 10.518 Thread 0x0000018d7d7072c0 flushing  nmethod 0x0000018d039cfc10
Event: 10.518 Thread 0x0000018d7d7072c0 flushing osr nmethod 0x0000018d039e0c10
Event: 10.518 Thread 0x0000018d7d7072c0 flushing  nmethod 0x0000018d039ef010
Event: 10.518 Thread 0x0000018d7d7072c0 flushing  nmethod 0x0000018d03a01610
Event: 10.518 Thread 0x0000018d7d7072c0 flushing  nmethod 0x0000018d03a02a90
Event: 10.518 Thread 0x0000018d7d7072c0 flushing  nmethod 0x0000018d03a06490
Event: 10.518 Thread 0x0000018d7d7072c0 flushing  nmethod 0x0000018d03a0fa10
Event: 10.518 Thread 0x0000018d7d7072c0 flushing  nmethod 0x0000018d03a32710
Event: 10.518 Thread 0x0000018d7d7072c0 flushing  nmethod 0x0000018d03a42d10
Event: 10.518 Thread 0x0000018d7d7072c0 flushing  nmethod 0x0000018d03a44490
Event: 10.518 Thread 0x0000018d7d7072c0 flushing  nmethod 0x0000018d03a44a90
Event: 10.518 Thread 0x0000018d7d7072c0 flushing  nmethod 0x0000018d03a45b90
Event: 10.518 Thread 0x0000018d7d7072c0 flushing  nmethod 0x0000018d03a45f10
Event: 10.518 Thread 0x0000018d7d7072c0 flushing  nmethod 0x0000018d03a48f90
Event: 10.518 Thread 0x0000018d7d7072c0 flushing  nmethod 0x0000018d03a50f10
Event: 10.518 Thread 0x0000018d7d7072c0 flushing  nmethod 0x0000018d03ab3010
Event: 10.518 Thread 0x0000018d7d7072c0 flushing  nmethod 0x0000018d03ae1090
Event: 10.518 Thread 0x0000018d7d7072c0 flushing  nmethod 0x0000018d03ae2c10
Event: 10.518 Thread 0x0000018d7d7072c0 flushing  nmethod 0x0000018d03b13b90

Events (20 events):
Event: 373.557 Thread 0x0000018d608f4380 Thread exited: 0x0000018d608f4380
Event: 373.566 Thread 0x0000018d6b4f0340 Thread exited: 0x0000018d6b4f0340
Event: 373.578 Thread 0x0000018d6b4f09d0 Thread exited: 0x0000018d6b4f09d0
Event: 373.582 Thread 0x0000018d608f5dc0 Thread exited: 0x0000018d608f5dc0
Event: 373.585 Thread 0x0000018d6b4ef620 Thread exited: 0x0000018d6b4ef620
Event: 376.257 Thread 0x0000018d6b4f2410 Thread exited: 0x0000018d6b4f2410
Event: 376.272 Thread 0x0000018d6b4f1d80 Thread exited: 0x0000018d6b4f1d80
Event: 376.303 Thread 0x0000018d6b4f1060 Thread exited: 0x0000018d6b4f1060
Event: 376.303 Thread 0x0000018d6b4eef90 Thread exited: 0x0000018d6b4eef90
Event: 376.303 Thread 0x0000018d6b4f5f20 Thread exited: 0x0000018d6b4f5f20
Event: 376.510 Thread 0x0000018d608f6450 Thread exited: 0x0000018d608f6450
Event: 376.541 Thread 0x0000018d608f2fd0 Thread exited: 0x0000018d608f2fd0
Event: 376.603 Thread 0x0000018d6b4efcb0 Thread exited: 0x0000018d6b4efcb0
Event: 385.447 Thread 0x0000018d6cf54b50 Thread exited: 0x0000018d6cf54b50
Event: 385.759 Thread 0x0000018d6cf523f0 Thread exited: 0x0000018d6cf523f0
Event: 436.555 Thread 0x0000018d608f4a10 Thread exited: 0x0000018d608f4a10
Event: 445.763 Thread 0x0000018d6cf56590 Thread exited: 0x0000018d6cf56590
Event: 496.560 Thread 0x0000018d608f3660 Thread exited: 0x0000018d608f3660
Event: 505.778 Thread 0x0000018d6cf551e0 Thread exited: 0x0000018d6cf551e0
Event: 556.568 Thread 0x0000018d608f5730 Thread exited: 0x0000018d608f5730


Dynamic libraries:
0x00007ff75a480000 - 0x00007ff75a48e000 	c:\Users\LOQ\.vscode\extensions\redhat.java-1.45.0-win32-x64\jre\21.0.8-win32-x86_64\bin\java.exe
0x00007ffc96240000 - 0x00007ffc964a7000 	C:\WINDOWS\SYSTEM32\ntdll.dll
0x00007ffc94800000 - 0x00007ffc948c9000 	C:\WINDOWS\System32\KERNEL32.DLL
0x00007ffc93a50000 - 0x00007ffc93e40000 	C:\WINDOWS\System32\KERNELBASE.dll
0x00007ffc93450000 - 0x00007ffc9359b000 	C:\WINDOWS\System32\ucrtbase.dll
0x00007ffc8b6b0000 - 0x00007ffc8b6c8000 	c:\Users\LOQ\.vscode\extensions\redhat.java-1.45.0-win32-x64\jre\21.0.8-win32-x86_64\bin\jli.dll
0x00007ffc80fd0000 - 0x00007ffc80fee000 	c:\Users\LOQ\.vscode\extensions\redhat.java-1.45.0-win32-x64\jre\21.0.8-win32-x86_64\bin\VCRUNTIME140.dll
0x00007ffc95240000 - 0x00007ffc95405000 	C:\WINDOWS\System32\USER32.dll
0x00007ffc74920000 - 0x00007ffc74bba000 	C:\WINDOWS\WinSxS\amd64_microsoft.windows.common-controls_6595b64144ccf1df_6.0.26100.4768_none_3e0c112ce331287c\COMCTL32.dll
0x00007ffc93370000 - 0x00007ffc93397000 	C:\WINDOWS\System32\win32u.dll
0x00007ffc94750000 - 0x00007ffc947f9000 	C:\WINDOWS\System32\msvcrt.dll
0x00007ffc95680000 - 0x00007ffc956ab000 	C:\WINDOWS\System32\GDI32.dll
0x00007ffc93630000 - 0x00007ffc93768000 	C:\WINDOWS\System32\gdi32full.dll
0x00007ffc933a0000 - 0x00007ffc93443000 	C:\WINDOWS\System32\msvcp_win.dll
0x00007ffc95800000 - 0x00007ffc9582f000 	C:\WINDOWS\System32\IMM32.DLL
0x00007ffc8f3f0000 - 0x00007ffc8f3fc000 	c:\Users\LOQ\.vscode\extensions\redhat.java-1.45.0-win32-x64\jre\21.0.8-win32-x86_64\bin\vcruntime140_1.dll
0x00007ffc3f5d0000 - 0x00007ffc3f65d000 	c:\Users\LOQ\.vscode\extensions\redhat.java-1.45.0-win32-x64\jre\21.0.8-win32-x86_64\bin\msvcp140.dll
0x00007ffbc4540000 - 0x00007ffbc52d7000 	c:\Users\LOQ\.vscode\extensions\redhat.java-1.45.0-win32-x64\jre\21.0.8-win32-x86_64\bin\server\jvm.dll
0x00007ffc955c0000 - 0x00007ffc95674000 	C:\WINDOWS\System32\ADVAPI32.dll
0x00007ffc954c0000 - 0x00007ffc95566000 	C:\WINDOWS\System32\sechost.dll
0x00007ffc956b0000 - 0x00007ffc957c8000 	C:\WINDOWS\System32\RPCRT4.dll
0x00007ffc940c0000 - 0x00007ffc94134000 	C:\WINDOWS\System32\WS2_32.dll
0x00007ffc82320000 - 0x00007ffc82355000 	C:\WINDOWS\SYSTEM32\WINMM.dll
0x00007ffc93030000 - 0x00007ffc9308e000 	C:\WINDOWS\SYSTEM32\POWRPROF.dll
0x00007ffc8c020000 - 0x00007ffc8c02b000 	C:\WINDOWS\SYSTEM32\VERSION.dll
0x00007ffc93010000 - 0x00007ffc93024000 	C:\WINDOWS\SYSTEM32\UMPDC.dll
0x00007ffc920f0000 - 0x00007ffc9210b000 	C:\WINDOWS\SYSTEM32\kernel.appcore.dll
0x00007ffc80fc0000 - 0x00007ffc80fca000 	c:\Users\LOQ\.vscode\extensions\redhat.java-1.45.0-win32-x64\jre\21.0.8-win32-x86_64\bin\jimage.dll
0x00007ffc8ff20000 - 0x00007ffc90161000 	C:\WINDOWS\SYSTEM32\DBGHELP.DLL
0x00007ffc94eb0000 - 0x00007ffc95235000 	C:\WINDOWS\System32\combase.dll
0x00007ffc93fd0000 - 0x00007ffc940b0000 	C:\WINDOWS\System32\OLEAUT32.dll
0x00007ffc72e20000 - 0x00007ffc72e63000 	C:\WINDOWS\SYSTEM32\dbgcore.DLL
0x00007ffc939b0000 - 0x00007ffc93a49000 	C:\WINDOWS\System32\bcryptPrimitives.dll
0x00007ffc7c600000 - 0x00007ffc7c60f000 	c:\Users\LOQ\.vscode\extensions\redhat.java-1.45.0-win32-x64\jre\21.0.8-win32-x86_64\bin\instrument.dll
0x00007ffc63b90000 - 0x00007ffc63baf000 	c:\Users\LOQ\.vscode\extensions\redhat.java-1.45.0-win32-x64\jre\21.0.8-win32-x86_64\bin\java.dll
0x00007ffc95940000 - 0x00007ffc9608d000 	C:\WINDOWS\System32\SHELL32.dll
0x00007ffc93770000 - 0x00007ffc938e3000 	C:\WINDOWS\System32\wintypes.dll
0x00007ffc90f20000 - 0x00007ffc91780000 	C:\WINDOWS\SYSTEM32\windows.storage.dll
0x00007ffc95840000 - 0x00007ffc95935000 	C:\WINDOWS\System32\SHCORE.dll
0x00007ffc948f0000 - 0x00007ffc9495a000 	C:\WINDOWS\System32\shlwapi.dll
0x00007ffc93290000 - 0x00007ffc932b9000 	C:\WINDOWS\SYSTEM32\profapi.dll
0x00007ffc624d0000 - 0x00007ffc624e8000 	c:\Users\LOQ\.vscode\extensions\redhat.java-1.45.0-win32-x64\jre\21.0.8-win32-x86_64\bin\zip.dll
0x00007ffc752c0000 - 0x00007ffc752d0000 	C:\Users\LOQ\.vscode\extensions\redhat.java-1.45.0-win32-x64\jre\21.0.8-win32-x86_64\bin\net.dll
0x00007ffc87a80000 - 0x00007ffc87b9e000 	C:\WINDOWS\SYSTEM32\WINHTTP.dll
0x00007ffc92680000 - 0x00007ffc926eb000 	C:\WINDOWS\system32\mswsock.dll
0x00007ffc60bb0000 - 0x00007ffc60bc6000 	C:\Users\LOQ\.vscode\extensions\redhat.java-1.45.0-win32-x64\jre\21.0.8-win32-x86_64\bin\nio.dll
0x00007ffc73190000 - 0x00007ffc731a0000 	c:\Users\LOQ\.vscode\extensions\redhat.java-1.45.0-win32-x64\jre\21.0.8-win32-x86_64\bin\verify.dll
0x00007ffc60b60000 - 0x00007ffc60ba4000 	C:\Users\LOQ\AppData\Roaming\Code\User\globalStorage\redhat.java\1.45.0\config_win\org.eclipse.equinox.launcher\org.eclipse.equinox.launcher.win32.win32.x86_64_1.2.1400.v20250801-0854\eclipse_11916.dll
0x00007ffc94b50000 - 0x00007ffc94cf0000 	C:\WINDOWS\System32\ole32.dll
0x00007ffc92940000 - 0x00007ffc9295b000 	C:\WINDOWS\SYSTEM32\CRYPTSP.dll
0x00007ffc92050000 - 0x00007ffc9208b000 	C:\WINDOWS\system32\rsaenh.dll
0x00007ffc92720000 - 0x00007ffc9274b000 	C:\WINDOWS\SYSTEM32\USERENV.dll
0x00007ffc93260000 - 0x00007ffc93286000 	C:\WINDOWS\SYSTEM32\bcrypt.dll
0x00007ffc92960000 - 0x00007ffc9296c000 	C:\WINDOWS\SYSTEM32\CRYPTBASE.dll
0x00007ffc91ab0000 - 0x00007ffc91ae3000 	C:\WINDOWS\SYSTEM32\IPHLPAPI.DLL
0x00007ffc94730000 - 0x00007ffc9473a000 	C:\WINDOWS\System32\NSI.dll
0x00007ffc60b10000 - 0x00007ffc60b59000 	C:\Users\LOQ\AppData\Local\Temp\jna-75566\jna13572659149036710625.dll
0x00007ffc94ea0000 - 0x00007ffc94ea8000 	C:\WINDOWS\System32\PSAPI.DLL
0x00007ffc8bff0000 - 0x00007ffc8c00f000 	C:\WINDOWS\SYSTEM32\dhcpcsvc6.DLL
0x00007ffc8bf80000 - 0x00007ffc8bfa5000 	C:\WINDOWS\SYSTEM32\dhcpcsvc.DLL
0x00007ffc92220000 - 0x00007ffc92256000 	C:\WINDOWS\SYSTEM32\ntmarta.dll

JVMTI agents:
c:\Users\LOQ\.vscode\extensions\redhat.java-1.45.0-win32-x64\lombok\lombok-1.18.39-4050.jar path:c:\Users\LOQ\.vscode\extensions\redhat.java-1.45.0-win32-x64\jre\21.0.8-win32-x86_64\bin\instrument.dll, loaded, initialized, instrumentlib options:none

dbghelp: loaded successfully - version: 4.0.5 - missing functions: none
symbol engine: initialized successfully - sym options: 0x614 - pdb path: .;c:\Users\LOQ\.vscode\extensions\redhat.java-1.45.0-win32-x64\jre\21.0.8-win32-x86_64\bin;C:\WINDOWS\SYSTEM32;C:\WINDOWS\WinSxS\amd64_microsoft.windows.common-controls_6595b64144ccf1df_6.0.26100.4768_none_3e0c112ce331287c;c:\Users\LOQ\.vscode\extensions\redhat.java-1.45.0-win32-x64\jre\21.0.8-win32-x86_64\bin\server;C:\Users\LOQ\AppData\Roaming\Code\User\globalStorage\redhat.java\1.45.0\config_win\org.eclipse.equinox.launcher\org.eclipse.equinox.launcher.win32.win32.x86_64_1.2.1400.v20250801-0854;C:\Users\LOQ\AppData\Local\Temp\jna-75566

VM Arguments:
jvm_args: --add-modules=ALL-SYSTEM --add-opens=java.base/java.util=ALL-UNNAMED --add-opens=java.base/java.lang=ALL-UNNAMED --add-opens=java.base/sun.nio.fs=ALL-UNNAMED -Declipse.application=org.eclipse.jdt.ls.core.id1 -Dosgi.bundles.defaultStartLevel=4 -Declipse.product=org.eclipse.jdt.ls.core.product -Djava.import.generatesMetadataFilesAtProjectRoot=false -DDetectVMInstallationsJob.disabled=true -Dfile.encoding=utf8 -XX:+UseParallelGC -XX:GCTimeRatio=4 -XX:AdaptiveSizePolicyWeight=90 -Dsun.zip.disableMemoryMapping=true -Xmx2G -Xms100m -Xlog:disable -javaagent:c:\Users\LOQ\.vscode\extensions\redhat.java-1.45.0-win32-x64\lombok\lombok-1.18.39-4050.jar -XX:+HeapDumpOnOutOfMemoryError -XX:HeapDumpPath=c:\Users\LOQ\AppData\Roaming\Code\User\workspaceStorage\1ebab3e4576c50c6a4b0de631f0fff85\redhat.java -Daether.dependencyCollector.impl=bf 
java_command: c:\Users\LOQ\.vscode\extensions\redhat.java-1.45.0-win32-x64\server\plugins\org.eclipse.equinox.launcher_1.7.0.v20250519-0528.jar -configuration c:\Users\LOQ\AppData\Roaming\Code\User\globalStorage\redhat.java\1.45.0\config_win -data c:\Users\LOQ\AppData\Roaming\Code\User\workspaceStorage\1ebab3e4576c50c6a4b0de631f0fff85\redhat.java\jdt_ws --pipe=\\.\pipe\lsp-133a4f0358f09358183dc76e0d5b6c5f-sock
java_class_path (initial): c:\Users\LOQ\.vscode\extensions\redhat.java-1.45.0-win32-x64\server\plugins\org.eclipse.equinox.launcher_1.7.0.v20250519-0528.jar
Launcher Type: SUN_STANDARD

[Global flags]
    uintx AdaptiveSizePolicyWeight                 = 90                                        {product} {command line}
     intx CICompilerCount                          = 4                                         {product} {ergonomic}
    uintx GCTimeRatio                              = 4                                         {product} {command line}
     bool HeapDumpOnOutOfMemoryError               = true                                   {manageable} {command line}
    ccstr HeapDumpPath                             = c:\Users\LOQ\AppData\Roaming\Code\User\workspaceStorage\1ebab3e4576c50c6a4b0de631f0fff85\redhat.java         {manageable} {command line}
   size_t InitialHeapSize                          = 104857600                                 {product} {command line}
   size_t MaxHeapSize                              = 2147483648                                {product} {command line}
   size_t MaxNewSize                               = 715653120                                 {product} {ergonomic}
   size_t MinHeapDeltaBytes                        = 524288                                    {product} {ergonomic}
   size_t MinHeapSize                              = 104857600                                 {product} {command line}
   size_t NewSize                                  = 34603008                                  {product} {ergonomic}
    uintx NonNMethodCodeHeapSize                   = 5839372                                {pd product} {ergonomic}
    uintx NonProfiledCodeHeapSize                  = 122909434                              {pd product} {ergonomic}
   size_t OldSize                                  = 70254592                                  {product} {ergonomic}
    uintx ProfiledCodeHeapSize                     = 122909434                              {pd product} {ergonomic}
    uintx ReservedCodeCacheSize                    = 251658240                              {pd product} {ergonomic}
     bool SegmentedCodeCache                       = true                                      {product} {ergonomic}
   size_t SoftMaxHeapSize                          = 2147483648                             {manageable} {ergonomic}
     bool UseCompressedOops                        = true                           {product lp64_product} {ergonomic}
     bool UseLargePagesIndividualAllocation        = false                                  {pd product} {ergonomic}
     bool UseParallelGC                            = true                                      {product} {command line}

Logging:
Log output configuration:
 #0: stdout all=off uptime,level,tags foldmultilines=false
 #1: stderr all=off uptime,level,tags foldmultilines=false

Environment Variables:
PATH=C:\Users\LOQ\AppData\Local\Programs\Python\Python313\Scripts\;C:\Users\LOQ\AppData\Local\Programs\Python\Python313\;C:\Program Files (x86)\Common Files\Intel\Shared Libraries\redist\intel64\compiler;C:\Program Files\Common Files\Oracle\Java\javapath;C:\WINDOWS\system32;C:\WINDOWS;C:\WINDOWS\System32\Wbem;C:\WINDOWS\System32\WindowsPowerShell\v1.0\;C:\WINDOWS\System32\OpenSSH\;C:\Program Files (x86)\NVIDIA Corporation\PhysX\Common;C:\Program Files\NVIDIA Corporation\NVIDIA NvDLISR;C:\Users\LOQ\Downloads\apache-maven-3.9.9-bin\apache-maven-3.9.9\bin;C:\Program Files\Git\cmd;C:\Program Files\nodejs\;C:\ProgramData\chocolatey\bin;C:\Program Files\Maven\apache-maven-3.9.11-bin\bin;C:\flutter\bin;C:\Program Files (x86)\Microsoft SQL Server\160\DTS\Binn\;C:\Program Files (x86)\Microsoft SQL Server\160\Tools\Binn\;C:\Program Files\Microsoft SQL Server\160\Tools\Binn\;C:\Program Files\Microsoft SQL Server\Client SDK\ODBC\170\Tools\Binn\;C:\Program Files\Microsoft SQL Server\160\DTS\Binn\;C:\Users\LOQ\AppData\Local\Microsoft\WindowsApps;C:\Users\LOQ\AppData\Local\Programs\Microsoft VS Code\bin;C:\Users\LOQ\AppData\Local\GitHubDesktop\bin;D:\src\flutter_windows_3.29.2-stable\flutter\bin;C:\Users\LOQ\AppData\Roaming\npm;C:\flutter\bin;
USERNAME=LOQ
OS=Windows_NT
PROCESSOR_IDENTIFIER=AMD64 Family 25 Model 68 Stepping 1, AuthenticAMD
TMP=C:\Users\LOQ\AppData\Local\Temp
TEMP=C:\Users\LOQ\AppData\Local\Temp




Periodic native trim disabled

---------------  S Y S T E M  ---------------

OS:
 Windows 11 , 64 bit Build 26100 (10.0.26100.4768)
OS uptime: 1 days 8:22 hours
Hyper-V role detected

CPU: total 8 (initial active 8) (8 cores per cpu, 2 threads per core) family 25 model 68 stepping 1 microcode 0xa404105, cx8, cmov, fxsr, ht, mmx, 3dnowpref, sse, sse2, sse3, ssse3, sse4a, sse4.1, sse4.2, popcnt, lzcnt, tsc, tscinvbit, avx, avx2, aes, erms, clmul, bmi1, bmi2, adx, sha, fma, vzeroupper, clflush, clflushopt, hv, rdtscp, rdpid, fsrm, f16c, cet_ss
Processor Information for processor 0
  Max Mhz: 3201, Current Mhz: 3201, Mhz Limit: 3201
Processor Information for processor 1
  Max Mhz: 3201, Current Mhz: 3201, Mhz Limit: 3201
Processor Information for processor 2
  Max Mhz: 3201, Current Mhz: 3201, Mhz Limit: 3201
Processor Information for processor 3
  Max Mhz: 3201, Current Mhz: 3201, Mhz Limit: 3201
Processor Information for processor 4
  Max Mhz: 3201, Current Mhz: 3201, Mhz Limit: 3201
Processor Information for processor 5
  Max Mhz: 3201, Current Mhz: 2560, Mhz Limit: 3201
Processor Information for processor 6
  Max Mhz: 3201, Current Mhz: 3201, Mhz Limit: 3201
Processor Information for processor 7
  Max Mhz: 3201, Current Mhz: 2560, Mhz Limit: 3201

Memory: 4k page, system-wide physical 11972M (746M free)
TotalPageFile size 27142M (AvailPageFile size 133M)
current process WorkingSet (physical memory assigned to process): 64M, peak: 1110M
current process commit charge ("private bytes"): 975M, peak: 1049M

vm_info: OpenJDK 64-Bit Server VM (21.0.8+9-LTS) for windows-amd64 JRE (21.0.8+9-LTS), built on 2025-07-15T00:00:00Z by "admin" with MS VC++ 17.7 (VS2022)

END.
