#
# There is insufficient memory for the Java Runtime Environment to continue.
# Native memory allocation (malloc) failed to allocate 1048576 bytes. Error detail: AllocateHeap
# Possible reasons:
#   The system is out of physical RAM or swap space
#   This process is running with CompressedOops enabled, and the Java Heap may be blocking the growth of the native heap
# Possible solutions:
#   Reduce memory load on the system
#   Increase physical memory or swap space
#   Check if swap backing store is full
#   Decrease Java heap size (-Xmx/-Xms)
#   Decrease number of Java threads
#   Decrease Java thread stack sizes (-Xss)
#   Set larger code cache with -XX:ReservedCodeCacheSize=
#   JVM is running with Unscaled Compressed Oops mode in which the Java heap is
#     placed in the first 4GB address space. The Java Heap base address is the
#     maximum limit for the native heap growth. Please use -XX:HeapBaseMinAddress
#     to set the Java Heap base and to place the Java Heap above 4GB virtual address.
# This output file may be truncated or incomplete.
#
#  Out of Memory Error (allocation.cpp:44), pid=19912, tid=10152
#
# JRE version:  (21.0.8+9) (build )
# Java VM: OpenJDK 64-Bit Server VM (21.0.8+9-LTS, mixed mode, tiered, compressed oops, compressed class ptrs, parallel gc, windows-amd64)
# No core dump will be written. Minidumps are not enabled by default on client versions of Windows
#

---------------  S U M M A R Y ------------

Command Line: --add-modules=ALL-SYSTEM --add-opens=java.base/java.util=ALL-UNNAMED --add-opens=java.base/java.lang=ALL-UNNAMED --add-opens=java.base/sun.nio.fs=ALL-UNNAMED -Declipse.application=org.eclipse.jdt.ls.core.id1 -Dosgi.bundles.defaultStartLevel=4 -Declipse.product=org.eclipse.jdt.ls.core.product -Djava.import.generatesMetadataFilesAtProjectRoot=false -DDetectVMInstallationsJob.disabled=true -Dfile.encoding=utf8 -XX:+UseParallelGC -XX:GCTimeRatio=4 -XX:AdaptiveSizePolicyWeight=90 -Dsun.zip.disableMemoryMapping=true -Xmx2G -Xms100m -Xlog:disable -javaagent:c:\Users\LOQ\.vscode\extensions\redhat.java-1.46.0-win32-x64\lombok\lombok-1.18.39-4050.jar c:\Users\LOQ\.vscode\extensions\redhat.java-1.46.0-win32-x64\server\plugins\org.eclipse.equinox.launcher_1.7.0.v20250519-0528.jar -configuration c:\Users\LOQ\AppData\Roaming\Code\User\globalStorage\redhat.java\1.46.0\config_ss_win -data c:\Users\LOQ\AppData\Roaming\Code\User\workspaceStorage\ec8b92777e6d7a5842dc50192914bdb1\redhat.java\ss_ws --pipe=\\.\pipe\lsp-fad05308de319825afdc4ce05dbbb386-sock

Host: AMD Ryzen 5 7235HS                             , 8 cores, 11G,  Windows 11 , 64 bit Build 26100 (10.0.26100.6725)
Time: Tue Oct 28 22:58:41 2025 Sri Lanka Standard Time elapsed time: 0.063999 seconds (0d 0h 0m 0s)

---------------  T H R E A D  ---------------

Current thread (0x000001dabe74e9b0):  JavaThread "Unknown thread" [_thread_in_vm, id=10152, stack(0x000000d621600000,0x000000d621700000) (1024K)]

Stack: [0x000000d621600000,0x000000d621700000]
Native frames: (J=compiled Java code, j=interpreted, Vv=VM code, C=native code)
V  [jvm.dll+0x6d2449]
V  [jvm.dll+0x8ae341]
V  [jvm.dll+0x8b08be]
V  [jvm.dll+0x8b0fa3]
V  [jvm.dll+0x280c96]
V  [jvm.dll+0xc0347]
V  [jvm.dll+0x706372]
V  [jvm.dll+0x7070ac]
V  [jvm.dll+0x6e0f43]
V  [jvm.dll+0x877c7c]
V  [jvm.dll+0x3becec]
V  [jvm.dll+0x8606d8]
V  [jvm.dll+0x4530ee]
V  [jvm.dll+0x454d31]
C  [jli.dll+0x5278]
C  [ucrtbase.dll+0x37b0]
C  [KERNEL32.DLL+0x2e8d7]
C  [ntdll.dll+0x8c53c]


---------------  P R O C E S S  ---------------

Threads class SMR info:
_java_thread_list=0x000001dabe7ba770, length=1, elements={
0x000001dabe74e9b0
}

Java Threads: ( => current thread )
=>0x000001dabe74e9b0 JavaThread "Unknown thread"             [_thread_in_vm, id=10152, stack(0x000000d621600000,0x000000d621700000) (1024K)]
Total: 1

Other Threads:
  0x000001dad57bba00 WatcherThread "VM Periodic Task Thread"        [id=2884, stack(0x000000d621800000,0x000000d621900000) (1024K)]
  0x000001dabcd31790 WorkerThread "GC Thread#0"                     [id=23612, stack(0x000000d621700000,0x000000d621800000) (1024K)]
Total: 2

Threads with active compile tasks:
Total: 0

VM state: not at safepoint (normal execution)

VM Mutex/Monitor currently owned by a thread: None

Heap address: 0x0000000080000000, size: 2048 MB, Compressed Oops mode: 32-bit

CDS archive(s) not mapped
Compressed class space mapped at: 0x0000000100000000-0x0000000140000000, reserved size: 1073741824
Narrow klass base: 0x0000000000000000, Narrow klass shift: 3, Narrow klass range: 0x140000000

GC Precious Log:
 CardTable entry size: 512
 CPUs: 8 total, 8 available
 Memory: 11972M
 Large Page Support: Disabled
 NUMA Support: Disabled
 Compressed Oops: Enabled (32-bit)
 Alignments: Space 512K, Generation 512K, Heap 2M
 Heap Min Capacity: 100M
 Heap Initial Capacity: 100M
 Heap Max Capacity: 2G
 Pre-touch: Disabled
 Parallel Workers: 8

Heap:
 PSYoungGen      total 29696K, used 512K [0x00000000d5580000, 0x00000000d7680000, 0x0000000100000000)
  eden space 25600K, 2% used [0x00000000d5580000,0x00000000d5600070,0x00000000d6e80000)
  from space 4096K, 0% used [0x00000000d7280000,0x00000000d7280000,0x00000000d7680000)
  to   space 4096K, 0% used [0x00000000d6e80000,0x00000000d6e80000,0x00000000d7280000)
 ParOldGen       total 68608K, used 0K [0x0000000080000000, 0x0000000084300000, 0x00000000d5580000)
  object space 68608K, 0% used [0x0000000080000000,0x0000000080000000,0x0000000084300000)
 Metaspace       used 1396K, committed 1472K, reserved 1114112K
  class space    used 112K, committed 128K, reserved 1048576K

Card table byte_map: [0x000001dad0c20000,0x000001dad1030000] _byte_map_base: 0x000001dad0820000

Marking Bits: (ParMarkBitMap*) 0x00007ffebbf2a340
 Begin Bits: [0x000001dad12e0000, 0x000001dad32e0000)
 End Bits:   [0x000001dad32e0000, 0x000001dad52e0000)

Polling page: 0x000001dabe810000

Metaspace:

Usage:
  Non-class:      1.25 MB used.
      Class:    112.47 KB used.
       Both:      1.36 MB used.

Virtual space:
  Non-class space:       64.00 MB reserved,       1.31 MB (  2%) committed,  1 nodes.
      Class space:        1.00 GB reserved,     128.00 KB ( <1%) committed,  1 nodes.
             Both:        1.06 GB reserved,       1.44 MB ( <1%) committed. 

Chunk freelists:
   Non-Class:  12.00 MB
       Class:  15.75 MB
        Both:  27.75 MB

MaxMetaspaceSize: unlimited
CompressedClassSpaceSize: 1.00 GB
Initial GC threshold: 21.00 MB
Current GC threshold: 17179869184.00 GB
CDS: off
 - commit_granule_bytes: 65536.
 - commit_granule_words: 8192.
 - virtual_space_node_default_size: 8388608.
 - enlarge_chunks_in_place: 1.
 - use_allocation_guard: 0.


Internal statistics:

num_allocs_failed_limit: 0.
num_arena_births: 2.
num_arena_deaths: 0.
num_vsnodes_births: 2.
num_vsnodes_deaths: 0.
num_space_committed: 23.
num_space_uncommitted: 0.
num_chunks_returned_to_freelist: 0.
num_chunks_taken_from_freelist: 3.
num_chunk_merges: 0.
num_chunk_splits: 2.
num_chunks_enlarged: 0.
num_inconsistent_stats: 0.

CodeHeap 'non-profiled nmethods': size=120000Kb used=0Kb max_used=0Kb free=120000Kb
 bounds [0x000001dac9510000, 0x000001dac9780000, 0x000001dad0a40000]
CodeHeap 'profiled nmethods': size=120000Kb used=0Kb max_used=0Kb free=120000Kb
 bounds [0x000001dac1a40000, 0x000001dac1cb0000, 0x000001dac8f70000]
CodeHeap 'non-nmethods': size=5760Kb used=194Kb max_used=342Kb free=5565Kb
 bounds [0x000001dac8f70000, 0x000001dac91e0000, 0x000001dac9510000]
CodeCache: size=245760Kb, used=194Kb, max_used=342Kb, free=245565Kb
 total_blobs=70, nmethods=0, adapters=48, full_count=0
Compilation: enabled, stopped_count=0, restarted_count=0

Compilation events (0 events):
No events

GC Heap History (0 events):
No events

Dll operation events (2 events):
Event: 0.016 Loaded shared library c:\Users\LOQ\.vscode\extensions\redhat.java-1.46.0-win32-x64\jre\21.0.8-win32-x86_64\bin\java.dll
Event: 0.023 Loaded shared library c:\Users\LOQ\.vscode\extensions\redhat.java-1.46.0-win32-x64\jre\21.0.8-win32-x86_64\bin\zip.dll

Deoptimization events (0 events):
No events

Classes loaded (20 events):
Event: 0.057 Loading class java/util/Iterator
Event: 0.057 Loading class java/util/Iterator done
Event: 0.057 Loading class java/lang/reflect/RecordComponent
Event: 0.058 Loading class java/lang/reflect/RecordComponent done
Event: 0.058 Loading class jdk/internal/vm/vector/VectorSupport
Event: 0.058 Loading class jdk/internal/vm/vector/VectorSupport done
Event: 0.058 Loading class jdk/internal/vm/vector/VectorSupport$VectorPayload
Event: 0.058 Loading class jdk/internal/vm/vector/VectorSupport$VectorPayload done
Event: 0.058 Loading class jdk/internal/vm/vector/VectorSupport$Vector
Event: 0.058 Loading class jdk/internal/vm/vector/VectorSupport$Vector done
Event: 0.058 Loading class jdk/internal/vm/vector/VectorSupport$VectorMask
Event: 0.058 Loading class jdk/internal/vm/vector/VectorSupport$VectorMask done
Event: 0.058 Loading class jdk/internal/vm/vector/VectorSupport$VectorShuffle
Event: 0.058 Loading class jdk/internal/vm/vector/VectorSupport$VectorShuffle done
Event: 0.058 Loading class jdk/internal/vm/FillerObject
Event: 0.058 Loading class jdk/internal/vm/FillerObject done
Event: 0.062 Loading class java/lang/NullPointerException
Event: 0.062 Loading class java/lang/NullPointerException done
Event: 0.062 Loading class java/lang/ArithmeticException
Event: 0.062 Loading class java/lang/ArithmeticException done

Classes unloaded (0 events):
No events

Classes redefined (0 events):
No events

Internal exceptions (0 events):
No events

ZGC Phase Switch (0 events):
No events

VM Operations (0 events):
No events

Memory protections (0 events):
No events

Nmethod flushes (0 events):
No events

Events (1 events):
Event: 0.021 Thread 0x000001dabe74e9b0 Thread added: 0x000001dabe74e9b0


Dynamic libraries:
0x00007ff682670000 - 0x00007ff68267e000 	c:\Users\LOQ\.vscode\extensions\redhat.java-1.46.0-win32-x64\jre\21.0.8-win32-x86_64\bin\java.exe
0x00007fff59740000 - 0x00007fff599a8000 	C:\WINDOWS\SYSTEM32\ntdll.dll
0x00007fff58970000 - 0x00007fff58a39000 	C:\WINDOWS\System32\KERNEL32.DLL
0x00007fff57110000 - 0x00007fff57502000 	C:\WINDOWS\System32\KERNELBASE.dll
0x00007fff568d0000 - 0x00007fff56a1b000 	C:\WINDOWS\System32\ucrtbase.dll
0x00007fff4fac0000 - 0x00007fff4fade000 	c:\Users\LOQ\.vscode\extensions\redhat.java-1.46.0-win32-x64\jre\21.0.8-win32-x86_64\bin\VCRUNTIME140.dll
0x00007fff3d8d0000 - 0x00007fff3d8e8000 	c:\Users\LOQ\.vscode\extensions\redhat.java-1.46.0-win32-x64\jre\21.0.8-win32-x86_64\bin\jli.dll
0x00007fff587a0000 - 0x00007fff58965000 	C:\WINDOWS\System32\USER32.dll
0x00007fff38dc0000 - 0x00007fff39053000 	C:\WINDOWS\WinSxS\amd64_microsoft.windows.common-controls_6595b64144ccf1df_6.0.26100.6899_none_3e0efeeae32e88c1\COMCTL32.dll
0x00007fff56d50000 - 0x00007fff56d77000 	C:\WINDOWS\System32\win32u.dll
0x00007fff58ab0000 - 0x00007fff58adb000 	C:\WINDOWS\System32\GDI32.dll
0x00007fff584b0000 - 0x00007fff58559000 	C:\WINDOWS\System32\msvcrt.dll
0x00007fff56ab0000 - 0x00007fff56bdd000 	C:\WINDOWS\System32\gdi32full.dll
0x00007fff56ca0000 - 0x00007fff56d43000 	C:\WINDOWS\System32\msvcp_win.dll
0x00007fff58ae0000 - 0x00007fff58b0f000 	C:\WINDOWS\System32\IMM32.DLL
0x00007fff4e800000 - 0x00007fff4e80c000 	c:\Users\LOQ\.vscode\extensions\redhat.java-1.46.0-win32-x64\jre\21.0.8-win32-x86_64\bin\vcruntime140_1.dll
0x00007fff2c330000 - 0x00007fff2c3bd000 	c:\Users\LOQ\.vscode\extensions\redhat.java-1.46.0-win32-x64\jre\21.0.8-win32-x86_64\bin\msvcp140.dll
0x00007ffebb270000 - 0x00007ffebc007000 	c:\Users\LOQ\.vscode\extensions\redhat.java-1.46.0-win32-x64\jre\21.0.8-win32-x86_64\bin\server\jvm.dll
0x00007fff57700000 - 0x00007fff577b4000 	C:\WINDOWS\System32\ADVAPI32.dll
0x00007fff58c40000 - 0x00007fff58ce6000 	C:\WINDOWS\System32\sechost.dll
0x00007fff58b20000 - 0x00007fff58c38000 	C:\WINDOWS\System32\RPCRT4.dll
0x00007fff59220000 - 0x00007fff59294000 	C:\WINDOWS\System32\WS2_32.dll
0x00007fff56590000 - 0x00007fff565ee000 	C:\WINDOWS\SYSTEM32\POWRPROF.dll
0x00007fff49ec0000 - 0x00007fff49ef5000 	C:\WINDOWS\SYSTEM32\WINMM.dll
0x00007fff4f820000 - 0x00007fff4f82b000 	C:\WINDOWS\SYSTEM32\VERSION.dll
0x00007fff56570000 - 0x00007fff56584000 	C:\WINDOWS\SYSTEM32\UMPDC.dll
0x00007fff556a0000 - 0x00007fff556bb000 	C:\WINDOWS\SYSTEM32\kernel.appcore.dll
0x00007fff4e670000 - 0x00007fff4e67a000 	c:\Users\LOQ\.vscode\extensions\redhat.java-1.46.0-win32-x64\jre\21.0.8-win32-x86_64\bin\jimage.dll
0x00007fff53490000 - 0x00007fff536d2000 	C:\WINDOWS\SYSTEM32\DBGHELP.DLL
0x00007fff58ea0000 - 0x00007fff5921b000 	C:\WINDOWS\System32\combase.dll
0x00007fff57c50000 - 0x00007fff57d27000 	C:\WINDOWS\System32\OLEAUT32.dll
0x00007fff377c0000 - 0x00007fff377fc000 	C:\WINDOWS\SYSTEM32\dbgcore.DLL
0x00007fff56d80000 - 0x00007fff56e18000 	C:\WINDOWS\System32\bcryptPrimitives.dll
0x00007fff37570000 - 0x00007fff3757f000 	c:\Users\LOQ\.vscode\extensions\redhat.java-1.46.0-win32-x64\jre\21.0.8-win32-x86_64\bin\instrument.dll
0x00007fff355e0000 - 0x00007fff355ff000 	c:\Users\LOQ\.vscode\extensions\redhat.java-1.46.0-win32-x64\jre\21.0.8-win32-x86_64\bin\java.dll
0x00007fff348f0000 - 0x00007fff34908000 	c:\Users\LOQ\.vscode\extensions\redhat.java-1.46.0-win32-x64\jre\21.0.8-win32-x86_64\bin\zip.dll

JVMTI agents:
c:\Users\LOQ\.vscode\extensions\redhat.java-1.46.0-win32-x64\lombok\lombok-1.18.39-4050.jar path:none, loaded, not initialized, instrumentlib options:none

dbghelp: loaded successfully - version: 4.0.5 - missing functions: none
symbol engine: initialized successfully - sym options: 0x614 - pdb path: .;c:\Users\LOQ\.vscode\extensions\redhat.java-1.46.0-win32-x64\jre\21.0.8-win32-x86_64\bin;C:\WINDOWS\SYSTEM32;C:\WINDOWS\WinSxS\amd64_microsoft.windows.common-controls_6595b64144ccf1df_6.0.26100.6899_none_3e0efeeae32e88c1;c:\Users\LOQ\.vscode\extensions\redhat.java-1.46.0-win32-x64\jre\21.0.8-win32-x86_64\bin\server

VM Arguments:
jvm_args: --add-modules=ALL-SYSTEM --add-opens=java.base/java.util=ALL-UNNAMED --add-opens=java.base/java.lang=ALL-UNNAMED --add-opens=java.base/sun.nio.fs=ALL-UNNAMED -Declipse.application=org.eclipse.jdt.ls.core.id1 -Dosgi.bundles.defaultStartLevel=4 -Declipse.product=org.eclipse.jdt.ls.core.product -Djava.import.generatesMetadataFilesAtProjectRoot=false -DDetectVMInstallationsJob.disabled=true -Dfile.encoding=utf8 -XX:+UseParallelGC -XX:GCTimeRatio=4 -XX:AdaptiveSizePolicyWeight=90 -Dsun.zip.disableMemoryMapping=true -Xmx2G -Xms100m -Xlog:disable -javaagent:c:\Users\LOQ\.vscode\extensions\redhat.java-1.46.0-win32-x64\lombok\lombok-1.18.39-4050.jar 
java_command: c:\Users\LOQ\.vscode\extensions\redhat.java-1.46.0-win32-x64\server\plugins\org.eclipse.equinox.launcher_1.7.0.v20250519-0528.jar -configuration c:\Users\LOQ\AppData\Roaming\Code\User\globalStorage\redhat.java\1.46.0\config_ss_win -data c:\Users\LOQ\AppData\Roaming\Code\User\workspaceStorage\ec8b92777e6d7a5842dc50192914bdb1\redhat.java\ss_ws --pipe=\\.\pipe\lsp-fad05308de319825afdc4ce05dbbb386-sock
java_class_path (initial): c:\Users\LOQ\.vscode\extensions\redhat.java-1.46.0-win32-x64\server\plugins\org.eclipse.equinox.launcher_1.7.0.v20250519-0528.jar
Launcher Type: SUN_STANDARD

[Global flags]
    uintx AdaptiveSizePolicyWeight                 = 90                                        {product} {command line}
     intx CICompilerCount                          = 4                                         {product} {ergonomic}
    uintx GCTimeRatio                              = 4                                         {product} {command line}
   size_t InitialHeapSize                          = 104857600                                 {product} {command line}
   size_t MaxHeapSize                              = 2147483648                                {product} {command line}
   size_t MaxNewSize                               = 715653120                                 {product} {ergonomic}
   size_t MinHeapDeltaBytes                        = 524288                                    {product} {ergonomic}
   size_t MinHeapSize                              = 104857600                                 {product} {command line}
   size_t NewSize                                  = 34603008                                  {product} {ergonomic}
    uintx NonNMethodCodeHeapSize                   = 5839372                                {pd product} {ergonomic}
    uintx NonProfiledCodeHeapSize                  = 122909434                              {pd product} {ergonomic}
   size_t OldSize                                  = 70254592                                  {product} {ergonomic}
    uintx ProfiledCodeHeapSize                     = 122909434                              {pd product} {ergonomic}
    uintx ReservedCodeCacheSize                    = 251658240                              {pd product} {ergonomic}
     bool SegmentedCodeCache                       = true                                      {product} {ergonomic}
   size_t SoftMaxHeapSize                          = 2147483648                             {manageable} {ergonomic}
     bool UseCompressedOops                        = true                           {product lp64_product} {ergonomic}
     bool UseLargePagesIndividualAllocation        = false                                  {pd product} {ergonomic}
     bool UseParallelGC                            = true                                      {product} {command line}

Logging:
Log output configuration:
 #0: stdout all=off uptime,level,tags foldmultilines=false
 #1: stderr all=off uptime,level,tags foldmultilines=false

Environment Variables:
PATH=C:\Users\LOQ\AppData\Local\Programs\Python\Python313\Scripts\;C:\Users\LOQ\AppData\Local\Programs\Python\Python313\;C:\Program Files (x86)\Common Files\Intel\Shared Libraries\redist\intel64\compiler;C:\Program Files\Common Files\Oracle\Java\javapath;C:\WINDOWS\system32;C:\WINDOWS;C:\WINDOWS\System32\Wbem;C:\WINDOWS\System32\WindowsPowerShell\v1.0\;C:\WINDOWS\System32\OpenSSH\;C:\Program Files (x86)\NVIDIA Corporation\PhysX\Common;C:\Program Files\NVIDIA Corporation\NVIDIA NvDLISR;C:\Users\LOQ\Downloads\apache-maven-3.9.9-bin\apache-maven-3.9.9\bin;C:\Program Files\Git\cmd;C:\Program Files\nodejs\;C:\ProgramData\chocolatey\bin;C:\Program Files\Maven\apache-maven-3.9.11-bin\bin;C:\flutter\bin;C:\Program Files (x86)\Microsoft SQL Server\160\DTS\Binn\;C:\Program Files (x86)\Microsoft SQL Server\160\Tools\Binn\;C:\Program Files\Microsoft SQL Server\160\Tools\Binn\;C:\Program Files\Microsoft SQL Server\Client SDK\ODBC\170\Tools\Binn\;C:\Program Files\Microsoft SQL Server\160\DTS\Binn\;C:\Program Files\Docker\Docker\resources\bin;C:\Users\LOQ\AppData\Local\Microsoft\WindowsApps;C:\Users\LOQ\AppData\Local\Programs\Microsoft VS Code\bin;C:\Users\LOQ\AppData\Local\GitHubDesktop\bin;D:\src\flutter_windows_3.29.2-stable\flutter\bin;C:\Users\LOQ\AppData\Roaming\npm;C:\flutter\bin;
USERNAME=LOQ
OS=Windows_NT
PROCESSOR_IDENTIFIER=AMD64 Family 25 Model 68 Stepping 1, AuthenticAMD
TMP=C:\Users\LOQ\AppData\Local\Temp
TEMP=C:\Users\LOQ\AppData\Local\Temp




Periodic native trim disabled

---------------  S Y S T E M  ---------------

OS:
 Windows 11 , 64 bit Build 26100 (10.0.26100.6725)
OS uptime: 3 days 5:30 hours
Hyper-V role detected

CPU: total 8 (initial active 8) (8 cores per cpu, 2 threads per core) family 25 model 68 stepping 1 microcode 0xa404105, cx8, cmov, fxsr, ht, mmx, 3dnowpref, sse, sse2, sse3, ssse3, sse4a, sse4.1, sse4.2, popcnt, lzcnt, tsc, tscinvbit, avx, avx2, aes, erms, clmul, bmi1, bmi2, adx, sha, fma, vzeroupper, clflush, clflushopt, hv, rdtscp, rdpid, fsrm, f16c, cet_ss
Processor Information for processor 0
  Max Mhz: 3201, Current Mhz: 3201, Mhz Limit: 3201
Processor Information for processor 1
  Max Mhz: 3201, Current Mhz: 3201, Mhz Limit: 3201
Processor Information for processor 2
  Max Mhz: 3201, Current Mhz: 3201, Mhz Limit: 3201
Processor Information for processor 3
  Max Mhz: 3201, Current Mhz: 3201, Mhz Limit: 3201
Processor Information for processor 4
  Max Mhz: 3201, Current Mhz: 3201, Mhz Limit: 3201
Processor Information for processor 5
  Max Mhz: 3201, Current Mhz: 3201, Mhz Limit: 3201
Processor Information for processor 6
  Max Mhz: 3201, Current Mhz: 3201, Mhz Limit: 3201
Processor Information for processor 7
  Max Mhz: 3201, Current Mhz: 2560, Mhz Limit: 3201

Memory: 4k page, system-wide physical 11972M (732M free)
TotalPageFile size 23814M (AvailPageFile size 5M)
current process WorkingSet (physical memory assigned to process): 18M, peak: 18M
current process commit charge ("private bytes"): 183M, peak: 184M

vm_info: OpenJDK 64-Bit Server VM (21.0.8+9-LTS) for windows-amd64 JRE (21.0.8+9-LTS), built on 2025-07-15T00:00:00Z by "admin" with MS VC++ 17.7 (VS2022)

END.
